::1 - - [17/Feb/2016:16:37:29 +0800] "GET / HTTP/1.1" 200 445
::1 - - [17/Feb/2016:16:37:29 +0800] "GET /favicon.ico HTTP/1.1" 404 209
::1 - - [17/Feb/2016:16:37:56 +0800] "GET /APP HTTP/1.1" 301 234
::1 - - [17/Feb/2016:16:37:56 +0800] "GET /APP/ HTTP/1.1" 200 1894
::1 - - [17/Feb/2016:16:37:56 +0800] "GET /icons/blank.gif HTTP/1.1" 404 213
::1 - - [17/Feb/2016:16:37:56 +0800] "GET /icons/back.gif HTTP/1.1" 404 212
::1 - - [17/Feb/2016:16:37:56 +0800] "GET /icons/folder.gif HTTP/1.1" 404 214
::1 - - [17/Feb/2016:16:38:13 +0800] "GET /APP/Common/ HTTP/1.1" 200 869
::1 - - [17/Feb/2016:16:38:13 +0800] "GET /icons/blank.gif HTTP/1.1" 404 213
::1 - - [17/Feb/2016:16:38:13 +0800] "GET /icons/back.gif HTTP/1.1" 404 212
::1 - - [17/Feb/2016:16:38:13 +0800] "GET /icons/text.gif HTTP/1.1" 404 212
::1 - - [17/Feb/2016:16:38:14 +0800] "GET /APP/Common/default.html HTTP/1.1" 200 13
::1 - - [17/Feb/2016:16:38:31 +0800] "GET /APP/Common/ HTTP/1.1" 200 869
::1 - - [17/Feb/2016:16:38:31 +0800] "GET /icons/blank.gif HTTP/1.1" 404 213
::1 - - [17/Feb/2016:16:38:31 +0800] "GET /icons/back.gif HTTP/1.1" 404 212
::1 - - [17/Feb/2016:16:38:31 +0800] "GET /icons/text.gif HTTP/1.1" 404 212
::1 - - [17/Feb/2016:16:38:31 +0800] "GET /APP/Common/ HTTP/1.1" 200 869
::1 - - [17/Feb/2016:16:38:32 +0800] "GET /icons/blank.gif HTTP/1.1" 404 213
::1 - - [17/Feb/2016:16:38:32 +0800] "GET /icons/back.gif HTTP/1.1" 404 212
::1 - - [17/Feb/2016:16:38:32 +0800] "GET /icons/text.gif HTTP/1.1" 404 212
::1 - - [17/Feb/2016:16:38:35 +0800] "GET / HTTP/1.1" 200 445
::1 - - [17/Feb/2016:16:38:39 +0800] "GET /Action HTTP/1.1" 200 1529
::1 - - [17/Feb/2016:16:38:43 +0800] "GET /APP/ HTTP/1.1" 200 1894
::1 - - [17/Feb/2016:16:38:43 +0800] "GET /icons/blank.gif HTTP/1.1" 404 213
::1 - - [17/Feb/2016:16:38:43 +0800] "GET /icons/back.gif HTTP/1.1" 404 212
::1 - - [17/Feb/2016:16:38:43 +0800] "GET /icons/folder.gif HTTP/1.1" 404 214
::1 - - [17/Feb/2016:16:39:05 +0800] "GET / HTTP/1.1" 200 445
::1 - - [17/Feb/2016:16:53:18 +0800] "GET / HTTP/1.1" 200 445
::1 - - [17/Feb/2016:16:53:37 +0800] "GET / HTTP/1.1" 200 445
::1 - - [17/Feb/2016:17:08:22 +0800] "GET /Login/login HTTP/1.1" 302 -
::1 - - [17/Feb/2016:17:08:23 +0800] "GET /Oauth/getRedirectUri.html HTTP/1.1" 200 59
::1 - - [17/Feb/2016:17:10:26 +0800] "GET /Oauth/getRedirectUri.html?code=d41d8cd98f00b204e9800998ecf8427e HTTP/1.1" 200 59
::1 - - [17/Feb/2016:17:17:30 +0800] "GET /Oauth/addclient HTTP/1.1" 200 1554
::1 - - [17/Feb/2016:17:17:55 +0800] "GET /Oauth/addclient HTTP/1.1" 200 1554
::1 - - [17/Feb/2016:17:21:12 +0800] "GET /Oauth/access_token HTTP/1.1" 400 27
::1 - - [17/Feb/2016:17:39:43 +0800] "GET /Oauth/register HTTP/1.1" 200 110
::1 - - [17/Feb/2016:17:53:12 +0800] "GET /example HTTP/1.1" 301 238
::1 - - [17/Feb/2016:17:53:12 +0800] "GET /example/ HTTP/1.1" 200 1067
::1 - - [17/Feb/2016:17:53:12 +0800] "GET /icons/blank.gif HTTP/1.1" 404 213
::1 - - [17/Feb/2016:17:53:12 +0800] "GET /icons/back.gif HTTP/1.1" 404 212
::1 - - [17/Feb/2016:17:53:12 +0800] "GET /icons/folder.gif HTTP/1.1" 404 214
::1 - - [17/Feb/2016:17:53:15 +0800] "GET /example/server/ HTTP/1.1" 200 1504
::1 - - [17/Feb/2016:17:53:15 +0800] "GET /icons/blank.gif HTTP/1.1" 404 213
::1 - - [17/Feb/2016:17:53:15 +0800] "GET /icons/back.gif HTTP/1.1" 404 212
::1 - - [17/Feb/2016:17:53:15 +0800] "GET /icons/unknown.gif HTTP/1.1" 404 215
::1 - - [17/Feb/2016:17:53:15 +0800] "GET /icons/folder.gif HTTP/1.1" 404 214
::1 - - [17/Feb/2016:17:53:15 +0800] "GET /icons/bomb.gif HTTP/1.1" 404 212
::1 - - [17/Feb/2016:17:53:16 +0800] "GET /example/server/www/ HTTP/1.1" 200 4103
::1 - - [17/Feb/2016:17:54:09 +0800] "GET /oauth-php HTTP/1.1" 301 240
::1 - - [17/Feb/2016:17:54:09 +0800] "GET /oauth-php/ HTTP/1.1" 200 1494
::1 - - [17/Feb/2016:17:54:09 +0800] "GET /icons/blank.gif HTTP/1.1" 404 213
::1 - - [17/Feb/2016:17:54:09 +0800] "GET /icons/back.gif HTTP/1.1" 404 212
::1 - - [17/Feb/2016:17:54:09 +0800] "GET /icons/unknown.gif HTTP/1.1" 404 215
::1 - - [17/Feb/2016:17:54:09 +0800] "GET /icons/folder.gif HTTP/1.1" 404 214
::1 - - [17/Feb/2016:17:54:11 +0800] "GET /oauth-php/test/ HTTP/1.1" 200 1102
::1 - - [17/Feb/2016:17:54:11 +0800] "GET /icons/blank.gif HTTP/1.1" 404 213
::1 - - [17/Feb/2016:17:54:11 +0800] "GET /icons/back.gif HTTP/1.1" 404 212
::1 - - [17/Feb/2016:17:54:11 +0800] "GET /icons/folder.gif HTTP/1.1" 404 214
::1 - - [17/Feb/2016:17:54:11 +0800] "GET /icons/unknown.gif HTTP/1.1" 404 215
::1 - - [17/Feb/2016:17:54:12 +0800] "GET /oauth-php/test/oauth_test.php HTTP/1.1" 200 299
::1 - - [17/Feb/2016:17:54:18 +0800] "GET /oauth-php/test/discovery/ HTTP/1.1" 200 1374
::1 - - [17/Feb/2016:17:54:19 +0800] "GET /icons/blank.gif HTTP/1.1" 404 213
::1 - - [17/Feb/2016:17:54:19 +0800] "GET /icons/back.gif HTTP/1.1" 404 212
::1 - - [17/Feb/2016:17:54:19 +0800] "GET /icons/unknown.gif HTTP/1.1" 404 215
::1 - - [17/Feb/2016:17:54:23 +0800] "GET /oauth-php/example/ HTTP/1.1" 200 1097
::1 - - [17/Feb/2016:17:54:23 +0800] "GET /icons/blank.gif HTTP/1.1" 404 213
::1 - - [17/Feb/2016:17:54:23 +0800] "GET /icons/back.gif HTTP/1.1" 404 212
::1 - - [17/Feb/2016:17:54:23 +0800] "GET /icons/folder.gif HTTP/1.1" 404 214
::1 - - [17/Feb/2016:17:54:25 +0800] "GET /oauth-php/example/server/ HTTP/1.1" 200 1534
::1 - - [17/Feb/2016:17:54:25 +0800] "GET /icons/blank.gif HTTP/1.1" 404 213
::1 - - [17/Feb/2016:17:54:25 +0800] "GET /icons/back.gif HTTP/1.1" 404 212
::1 - - [17/Feb/2016:17:54:25 +0800] "GET /icons/unknown.gif HTTP/1.1" 404 215
::1 - - [17/Feb/2016:17:54:25 +0800] "GET /icons/folder.gif HTTP/1.1" 404 214
::1 - - [17/Feb/2016:17:54:25 +0800] "GET /icons/bomb.gif HTTP/1.1" 404 212
::1 - - [17/Feb/2016:17:54:26 +0800] "GET /oauth-php/example/server/www/ HTTP/1.1" 200 4223
::1 - - [17/Feb/2016:17:54:29 +0800] "GET /oauth-php/example/server/core/ HTTP/1.1" 200 1141
::1 - - [17/Feb/2016:17:54:29 +0800] "GET /icons/blank.gif HTTP/1.1" 404 213
::1 - - [17/Feb/2016:17:54:29 +0800] "GET /icons/back.gif HTTP/1.1" 404 212
::1 - - [17/Feb/2016:17:54:29 +0800] "GET /icons/unknown.gif HTTP/1.1" 404 215
::1 - - [17/Feb/2016:17:54:29 +0800] "GET /icons/folder.gif HTTP/1.1" 404 214
::1 - - [17/Feb/2016:17:54:31 +0800] "GET /oauth-php/example/server/core/templates/ HTTP/1.1" 200 1592
::1 - - [17/Feb/2016:17:54:31 +0800] "GET /icons/blank.gif HTTP/1.1" 404 213
::1 - - [17/Feb/2016:17:54:31 +0800] "GET /icons/back.gif HTTP/1.1" 404 212
::1 - - [17/Feb/2016:17:54:31 +0800] "GET /icons/folder.gif HTTP/1.1" 404 214
::1 - - [17/Feb/2016:17:54:31 +0800] "GET /icons/unknown.gif HTTP/1.1" 404 215
::1 - - [17/Feb/2016:17:54:32 +0800] "GET /oauth-php/example/server/core/templates/index.tpl HTTP/1.1" 200 327
::1 - - [17/Feb/2016:17:54:38 +0800] "GET /oauth-php/example/ HTTP/1.1" 200 1097
::1 - - [17/Feb/2016:17:54:38 +0800] "GET /icons/blank.gif HTTP/1.1" 404 213
::1 - - [17/Feb/2016:17:54:38 +0800] "GET /icons/back.gif HTTP/1.1" 404 212
::1 - - [17/Feb/2016:17:54:38 +0800] "GET /icons/folder.gif HTTP/1.1" 404 214
::1 - - [17/Feb/2016:17:54:38 +0800] "GET /oauth-php/example/client/ HTTP/1.1" 200 1581
::1 - - [17/Feb/2016:17:54:38 +0800] "GET /icons/blank.gif HTTP/1.1" 404 213
::1 - - [17/Feb/2016:17:54:38 +0800] "GET /icons/back.gif HTTP/1.1" 404 212
::1 - - [17/Feb/2016:17:54:38 +0800] "GET /icons/unknown.gif HTTP/1.1" 404 215
::1 - - [17/Feb/2016:17:54:48 +0800] "GET /oauth-php/example/client/twolegged.php HTTP/1.1" 200 4673
::1 - - [17/Feb/2016:17:54:54 +0800] "GET /oauth-php/example/server/ HTTP/1.1" 200 1534
::1 - - [17/Feb/2016:17:54:54 +0800] "GET /icons/blank.gif HTTP/1.1" 404 213
::1 - - [17/Feb/2016:17:54:54 +0800] "GET /icons/back.gif HTTP/1.1" 404 212
::1 - - [17/Feb/2016:17:54:54 +0800] "GET /icons/unknown.gif HTTP/1.1" 404 215
::1 - - [17/Feb/2016:17:54:54 +0800] "GET /icons/folder.gif HTTP/1.1" 404 214
::1 - - [17/Feb/2016:17:54:54 +0800] "GET /icons/bomb.gif HTTP/1.1" 404 212
::1 - - [17/Feb/2016:17:54:56 +0800] "GET /oauth-php/example/server/core/ HTTP/1.1" 200 1141
::1 - - [17/Feb/2016:17:54:56 +0800] "GET /icons/blank.gif HTTP/1.1" 404 213
::1 - - [17/Feb/2016:17:54:56 +0800] "GET /icons/back.gif HTTP/1.1" 404 212
::1 - - [17/Feb/2016:17:54:56 +0800] "GET /icons/unknown.gif HTTP/1.1" 404 215
::1 - - [17/Feb/2016:17:54:56 +0800] "GET /icons/folder.gif HTTP/1.1" 404 214
::1 - - [17/Feb/2016:17:54:58 +0800] "GET /oauth-php/example/server/www/ HTTP/1.1" 200 4223
::1 - - [17/Feb/2016:17:54:41 +0800] "GET /oauth-php/example/client/googledocs.php HTTP/1.1" 200 3827
::1 - - [17/Feb/2016:17:57:42 +0800] "GET /oauth-php/example/server/www/ HTTP/1.1" 200 3099
::1 - - [17/Feb/2016:17:59:51 +0800] "GET /oauth-php/example/server/www/ HTTP/1.1" 200 3703
::1 - - [17/Feb/2016:18:00:41 +0800] "GET /oauth-php/example/server/www/ HTTP/1.1" 200 3703
::1 - - [17/Feb/2016:18:00:48 +0800] "GET /register HTTP/1.1" 200 1531
::1 - - [17/Feb/2016:18:00:52 +0800] "GET /oauth-php/example/server/www/ HTTP/1.1" 200 3703
::1 - - [17/Feb/2016:18:05:31 +0800] "GET /register HTTP/1.1" 200 1531
::1 - - [17/Feb/2016:18:05:32 +0800] "GET /oauth-php/example/server/www/ HTTP/1.1" 200 3703
::1 - - [18/Feb/2016:14:02:44 +0800] "GET /Oauth HTTP/1.1" 200 1559
::1 - - [18/Feb/2016:14:03:09 +0800] "GET /Oauth HTTP/1.1" 200 -
::1 - - [18/Feb/2016:14:03:38 +0800] "GET /Oauth HTTP/1.1" 200 1594
::1 - - [18/Feb/2016:14:16:26 +0800] "GET /Oauth/authorize?response_type=code&client_id=testclient&redirect_uri=http://homeway.me/&state=xyz&scope= HTTP/1.1" 200 3141
::1 - - [18/Feb/2016:14:20:28 +0800] "GET /Oauth/authorize?response_type=code&client_id=testclient&redirect_uri=http://homeway.me/&state=xyz&scope= HTTP/1.1" 200 1557
::1 - - [18/Feb/2016:14:21:26 +0800] "GET /Oauth/authorize?response_type=code&client_id=testclient&redirect_uri=http://homeway.me/&state=xyz&scope= HTTP/1.1" 200 1567
::1 - - [18/Feb/2016:14:22:04 +0800] "GET /Oauth/authorize?response_type=code&client_id=testclient&redirect_uri=http://homeway.me/&state=xyz&scope= HTTP/1.1" 200 1567
::1 - - [18/Feb/2016:14:22:48 +0800] "GET /Oauth/authorize?response_type=code&client_id=testclient&redirect_uri=http://homeway.me/&state=xyz&scope= HTTP/1.1" 200 1559
::1 - - [18/Feb/2016:14:23:10 +0800] "GET /Oauth/authorize?response_type=code&client_id=testclient&redirect_uri=http://homeway.me/&state=xyz&scope= HTTP/1.1" 200 1567
::1 - - [18/Feb/2016:14:23:18 +0800] "GET /Oauth/authorize?response_type=code&client_id=testclient&redirect_uri=http://homeway.me/&state=xyz&scope= HTTP/1.1" 200 9744
::1 - - [18/Feb/2016:14:23:54 +0800] "GET /Oauth/authorize?response_type=code&client_id=testclient&redirect_uri=http://homeway.me/&state=xyz&scope= HTTP/1.1" 200 9743
::1 - - [18/Feb/2016:14:26:25 +0800] "GET /Oauth/authorize?response_type=code&client_id=testclient&redirect_uri=http://homeway.me/&state=xyz&scope= HTTP/1.1" 200 9743
::1 - - [18/Feb/2016:14:27:04 +0800] "GET /Oauth/authorize?response_type=code&client_id=testclient&redirect_uri=http://homeway.me/&state=xyz&scope= HTTP/1.1" 200 1558
::1 - - [18/Feb/2016:14:27:12 +0800] "GET /Oauth/authorize?response_type=code&client_id=testclient&redirect_uri=http://homeway.me/&state=xyz&scope= HTTP/1.1" 200 716
::1 - - [18/Feb/2016:14:28:55 +0800] "GET /Oauth/authorize?response_type=code&client_id=testclient&redirect_uri=http://homeway.me/&state=xyz&scope= HTTP/1.1" 200 1345
::1 - - [18/Feb/2016:14:30:09 +0800] "POST /Oauth/authorize?response_type=code&client_id=testclient&redirect_uri=http://homeway.me/&state=xyz&scope= HTTP/1.1" 200 1561
::1 - - [18/Feb/2016:14:30:20 +0800] "GET /Oauth/authorize?response_type=code&client_id=testclient&redirect_uri=http://homeway.me/&state=xyz&scope= HTTP/1.1" 200 629
::1 - - [18/Feb/2016:14:30:58 +0800] "POST /Oauth/authorize?response_type=code&client_id=testclient&redirect_uri=http://homeway.me/&state=xyz&scope= HTTP/1.1" 200 1561
::1 - - [18/Feb/2016:14:32:42 +0800] "POST /Oauth/authorize?response_type=code&client_id=testclient&redirect_uri=http://homeway.me/&state=xyz&scope= HTTP/1.1" 302 2
::1 - - [18/Feb/2016:14:33:31 +0800] "GET /Oauth/authorize?response_type=code&client_id=testclient&redirect_uri=http://homeway.me/&state=xyz&scope= HTTP/1.1" 200 629
::1 - - [18/Feb/2016:14:33:49 +0800] "POST /Oauth/authorize?response_type=code&client_id=testclient&redirect_uri=http://homeway.me/&state=xyz&scope= HTTP/1.1" 302 2
::1 - - [18/Feb/2016:14:36:00 +0800] "GET /Oauth/ HTTP/1.1" 200 -
::1 - - [18/Feb/2016:14:36:11 +0800] "GET /Oauth/ HTTP/1.1" 200 1066
::1 - - [18/Feb/2016:14:38:02 +0800] "GET /Oauth/ HTTP/1.1" 200 1056
::1 - - [18/Feb/2016:14:40:28 +0800] "GET /Oauth/ HTTP/1.1" 200 1071
::1 - - [18/Feb/2016:14:40:32 +0800] "GET /Oauth/authorize?response_type=code&client_id=testclient&redirect_uri=http://localhost:8010/Oauth/code/&state=xyz&scope= HTTP/1.1" 400 177
::1 - - [18/Feb/2016:14:41:19 +0800] "GET /Oauth/ HTTP/1.1" 200 1086
::1 - - [18/Feb/2016:14:43:11 +0800] "GET /Oauth/ HTTP/1.1" 200 1086
::1 - - [18/Feb/2016:14:43:13 +0800] "GET /Oauth/authorize?response_type=code&client_id=testclient&redirect_uri=http://localhost:8010/Oauth/code/&state=xyz&scope= HTTP/1.1" 400 272
::1 - - [18/Feb/2016:14:44:23 +0800] "GET /Oauth/authorize?response_type=code&client_id=testclient&redirect_uri=http://localhost:8010/Oauth/code/&state=xyz&scope= HTTP/1.1" 400 272
::1 - - [18/Feb/2016:14:44:41 +0800] "GET /Oauth/authorize?response_type=code&client_id=testclient&redirect_uri=http://localhost:8010/Oauth/code/&state=xyz&scope= HTTP/1.1" 400 272
::1 - - [18/Feb/2016:14:45:25 +0800] "GET /Oauth/authorize HTTP/1.1" 400 165
::1 - - [18/Feb/2016:14:45:39 +0800] "GET /Oauth/authorize HTTP/1.1" 400 70
::1 - - [18/Feb/2016:14:45:45 +0800] "GET /Oauth/index HTTP/1.1" 200 1085
::1 - - [18/Feb/2016:14:45:50 +0800] "GET /Oauth/authorize?response_type=code&client_id=testclient&redirect_uri=http://localhost:8010/Oauth/code/&state=xyz&scope= HTTP/1.1" 400 177
::1 - - [18/Feb/2016:14:46:40 +0800] "GET /Oauth/index HTTP/1.1" 200 1084
::1 - - [18/Feb/2016:14:46:43 +0800] "GET /Oauth/authorize?response_type=code&client_id=testclient&redirect_uri=http://localhost:8010/Oauth/code&state=xyz&scope= HTTP/1.1" 400 177
::1 - - [18/Feb/2016:14:47:24 +0800] "GET /Oauth/authorize?response_type=code&client_id=testclient&redirect_uri=http://localhost:8010/Oauth/code&state=xyz&scope= HTTP/1.1" 400 280
::1 - - [18/Feb/2016:14:49:09 +0800] "GET /Oauth/authorize?response_type=code&client_id=testclient&redirect_uri=http://localhost:8010/Oauth/code&state=xyz&scope= HTTP/1.1" 400 430
::1 - - [18/Feb/2016:14:52:25 +0800] "GET /Oauth/authorize?response_type=code&client_id=testclient&redirect_uri=http://localhost:8010/Oauth/code&state=xyz&scope= HTTP/1.1" 400 463
::1 - - [18/Feb/2016:14:54:41 +0800] "GET /Oauth/authorize?response_type=code&client_id=testclient&redirect_uri=http://localhost:8010/Oauth/code&state=xyz&scope= HTTP/1.1" 200 826
::1 - - [18/Feb/2016:14:55:14 +0800] "GET /Oauth/authorize?response_type=code&client_id=testclient&redirect_uri=http://localhost:8010/Oauth/code&state=xyz&scope= HTTP/1.1" 200 526
::1 - - [18/Feb/2016:14:55:37 +0800] "GET /Oauth/authorize?response_type=code&client_id=testclient&redirect_uri=http://localhost:8010/Oauth/code&state=xyz&scope= HTTP/1.1" 200 526
::1 - - [18/Feb/2016:14:55:42 +0800] "POST /Oauth/authorize?response_type=code&client_id=testclient&redirect_uri=http://localhost:8010/Oauth/code&state=xyz&scope= HTTP/1.1" 302 2
::1 - - [18/Feb/2016:14:55:43 +0800] "GET /Oauth/code?code=866590af53f3a509bb9cd64b380e355b1081642a&state=xyz HTTP/1.1" 200 662
::1 - - [18/Feb/2016:14:58:06 +0800] "GET /Oauth/ HTTP/1.1" 200 1853
::1 - - [18/Feb/2016:15:00:30 +0800] "GET /Oauth/ HTTP/1.1" 200 1819
::1 - - [18/Feb/2016:15:00:35 +0800] "POST /Oauth/token HTTP/1.1" 400 82
::1 - - [18/Feb/2016:15:00:53 +0800] "GET /Oauth/authorize?response_type=code&client_id=testclient&redirect_uri=http://localhost:8010/Oauth/code&state=xyz&scope= HTTP/1.1" 200 526
::1 - - [18/Feb/2016:15:00:55 +0800] "GET /Oauth/authorize?response_type=code&client_id=testclient&redirect_uri=http://localhost:8010/Oauth/code&state=xyz&scope= HTTP/1.1" 200 526
::1 - - [18/Feb/2016:15:00:58 +0800] "POST /Oauth/authorize?response_type=code&client_id=testclient&redirect_uri=http://localhost:8010/Oauth/code&state=xyz&scope= HTTP/1.1" 302 2
::1 - - [18/Feb/2016:15:00:59 +0800] "GET /Oauth/code?code=cc0b2452c6f56bc61b0e2e3282dc2fcb57b1f554&state=xyz HTTP/1.1" 200 662
::1 - - [18/Feb/2016:15:01:08 +0800] "POST /Oauth/token HTTP/1.1" 200 177
::1 - - [18/Feb/2016:15:17:29 +0800] "GET /Oauth/resource HTTP/1.1" 401 2
::1 - - [18/Feb/2016:15:17:38 +0800] "POST /Oauth/token HTTP/1.1" 400 109
::1 - - [18/Feb/2016:15:17:49 +0800] "POST /Oauth/token HTTP/1.1" 400 109
::1 - - [18/Feb/2016:15:18:14 +0800] "GET /Oauth/resource?token=c9db2549db68ca3f98f4dbc487052880ccc498d2 HTTP/1.1" 401 2
::1 - - [18/Feb/2016:15:19:23 +0800] "GET /Oauth/resource?token=c9db2549db68ca3f98f4dbc487052880ccc498d2 HTTP/1.1" 401 105
::1 - - [18/Feb/2016:15:19:40 +0800] "GET /Oauth/authorize?response_type=code&client_id=testclient&redirect_uri=http://localhost:8010/Oauth/code&state=xyz&scope= HTTP/1.1" 200 526
::1 - - [18/Feb/2016:15:19:42 +0800] "POST /Oauth/authorize?response_type=code&client_id=testclient&redirect_uri=http://localhost:8010/Oauth/code&state=xyz&scope= HTTP/1.1" 302 2
::1 - - [18/Feb/2016:15:19:43 +0800] "GET /Oauth/code?code=456cf26d68c57f28abb4703bd5c1c332408a8118&state=xyz HTTP/1.1" 200 662
::1 - - [18/Feb/2016:15:19:53 +0800] "POST /Oauth/token HTTP/1.1" 200 177
::1 - - [18/Feb/2016:15:20:29 +0800] "GET /Oauth/resource HTTP/1.1" 401 105
::1 - - [18/Feb/2016:15:20:37 +0800] "GET /Oauth/resource?token=931f2a5321dbd95fdfddeac050a06dc7e251a5c3 HTTP/1.1" 401 105
::1 - - [18/Feb/2016:15:22:14 +0800] "GET /Oauth/resource?token=931f2a5321dbd95fdfddeac050a06dc7e251a5c3 HTTP/1.1" 401 105
::1 - - [18/Feb/2016:15:22:31 +0800] "GET /Oauth/resource?token=931f2a5321dbd95fdfddeac050a06dc7e251a5c3 HTTP/1.1" 401 105
::1 - - [18/Feb/2016:15:23:41 +0800] "GET /Oauth/resource?token=931f2a5321dbd95fdfddeac050a06dc7e251a5c3 HTTP/1.1" 401 8864
::1 - - [18/Feb/2016:15:24:12 +0800] "GET /Oauth/resource?token=931f2a5321dbd95fdfddeac050a06dc7e251a5c3 HTTP/1.1" 401 8864
::1 - - [18/Feb/2016:15:24:40 +0800] "GET /Oauth/resource?access_token=931f2a5321dbd95fdfddeac050a06dc7e251a5c3 HTTP/1.1" 401 9515
::1 - - [18/Feb/2016:15:24:56 +0800] "GET /Oauth/resource?token=931f2a5321dbd95fdfddeac050a06dc7e251a5c3 HTTP/1.1" 401 8583
::1 - - [18/Feb/2016:15:25:09 +0800] "GET /Oauth/resource?token=931f2a5321dbd95fdfddeac050a06dc7e251a5c3 HTTP/1.1" 401 105
::1 - - [18/Feb/2016:15:26:21 +0800] "GET /Oauth/resource?token=931f2a5321dbd95fdfddeac050a06dc7e251a5c3 HTTP/1.1" 401 105
::1 - - [18/Feb/2016:15:27:23 +0800] "GET /Oauth/resource?token=931f2a5321dbd95fdfddeac050a06dc7e251a5c3 HTTP/1.1" 401 81
::1 - - [18/Feb/2016:15:27:51 +0800] "GET /Oauth/resource?token=931f2a5321dbd95fdfddeac050a06dc7e251a5c3 HTTP/1.1" 401 2
::1 - - [18/Feb/2016:15:28:23 +0800] "GET /Oauth/resource?token=931f2a5321dbd95fdfddeac050a06dc7e251a5c3 HTTP/1.1" 401 81
::1 - - [18/Feb/2016:15:28:29 +0800] "GET /Oauth/resource?access_token=931f2a5321dbd95fdfddeac050a06dc7e251a5c3 HTTP/1.1" 401 164
::1 - - [18/Feb/2016:15:28:44 +0800] "GET /Oauth/resource?token=931f2a5321dbd95fdfddeac050a06dc7e251a5c3 HTTP/1.1" 401 81
::1 - - [18/Feb/2016:15:30:23 +0800] "GET /Oauth/resource?token=931f2a5321dbd95fdfddeac050a06dc7e251a5c3 HTTP/1.1" 401 81
::1 - - [18/Feb/2016:15:30:48 +0800] "GET /Oauth/resource?token=931f2a5321dbd95fdfddeac050a06dc7e251a5c3 HTTP/1.1" 401 81
::1 - - [18/Feb/2016:15:31:01 +0800] "GET /Oauth/resource?token=931f2a5321dbd95fdfddeac050a06dc7e251a5c3 HTTP/1.1" 401 81
::1 - - [18/Feb/2016:15:32:24 +0800] "GET /Oauth/resource?access_token=931f2a5321dbd95fdfddeac050a06dc7e251a5c3 HTTP/1.1" 401 164
::1 - - [18/Feb/2016:15:34:03 +0800] "GET /Oauth/resource?access_token=931f2a5321dbd95fdfddeac050a06dc7e251a5c3 HTTP/1.1" 401 260
::1 - - [18/Feb/2016:15:35:15 +0800] "GET /Oauth/resource?access_token=931f2a5321dbd95fdfddeac050a06dc7e251a5c3 HTTP/1.1" 401 260
::1 - - [18/Feb/2016:15:35:25 +0800] "GET /Oauth/resource?access_token=931f2a5321dbd95fdfddeac050a06dc7e251a5c3 HTTP/1.1" 401 322
::1 - - [18/Feb/2016:15:35:36 +0800] "GET /Oauth/resource?token=931f2a5321dbd95fdfddeac050a06dc7e251a5c3 HTTP/1.1" 401 81
::1 - - [18/Feb/2016:15:35:43 +0800] "GET /Oauth/resource?access_token=931f2a5321dbd95fdfddeac050a06dc7e251a5c3 HTTP/1.1" 401 322
::1 - - [18/Feb/2016:15:36:13 +0800] "GET /Oauth/resource?access_token=931f2a5321dbd95fdfddeac050a06dc7e251a5c3 HTTP/1.1" 401 322
::1 - - [18/Feb/2016:15:36:21 +0800] "GET /Oauth/resource?access_token=931f2a5321dbd95fdfddeac050a06dc7e251a5c3 HTTP/1.1" 401 164
::1 - - [18/Feb/2016:15:36:46 +0800] "GET /Oauth/resource?access_token=931f2a5321dbd95fdfddeac050a06dc7e251a5c3 HTTP/1.1" 401 164
::1 - - [18/Feb/2016:15:37:08 +0800] "GET /Oauth/resource?access_token=931f2a5321dbd95fdfddeac050a06dc7e251a5c3 HTTP/1.1" 401 164
::1 - - [18/Feb/2016:15:39:05 +0800] "GET /Oauth/resource?access_token=931f2a5321dbd95fdfddeac050a06dc7e251a5c3 HTTP/1.1" 401 85
::1 - - [18/Feb/2016:15:41:06 +0800] "GET /Oauth/resource?access_token=931f2a5321dbd95fdfddeac050a06dc7e251a5c3 HTTP/1.1" 401 85
::1 - - [18/Feb/2016:15:42:19 +0800] "GET /Oauth/resource?access_token=931f2a5321dbd95fdfddeac050a06dc7e251a5c3 HTTP/1.1" 401 243
::1 - - [18/Feb/2016:15:48:16 +0800] "GET /Oauth/resource?access_token=931f2a5321dbd95fdfddeac050a06dc7e251a5c3 HTTP/1.1" 401 85
::1 - - [18/Feb/2016:15:48:51 +0800] "GET /Oauth/resource?access_token=931f2a5321dbd95fdfddeac050a06dc7e251a5c3 HTTP/1.1" 401 814
::1 - - [18/Feb/2016:15:50:29 +0800] "GET /Oauth/resource?access_token=931f2a5321dbd95fdfddeac050a06dc7e251a5c3 HTTP/1.1" 200 779
::1 - - [18/Feb/2016:15:50:54 +0800] "GET /Oauth/authorize?response_type=code&client_id=testclient&redirect_uri=http://localhost:8010/Oauth/code&state=xyz&scope= HTTP/1.1" 200 526
::1 - - [18/Feb/2016:15:51:11 +0800] "GET /Oauth/authorize?response_type=code&client_id=testclient&redirect_uri=http://localhost:8010/Oauth/code&state=xyz&scope=userinfo HTTP/1.1" 200 526
::1 - - [18/Feb/2016:15:51:14 +0800] "POST /Oauth/authorize?response_type=code&client_id=testclient&redirect_uri=http://localhost:8010/Oauth/code&state=xyz&scope=userinfo HTTP/1.1" 302 2
::1 - - [18/Feb/2016:15:51:15 +0800] "GET /Oauth/code?code=64331701aca0a70eaaac95c60991f9143d1edc3e&state=xyz HTTP/1.1" 200 662
::1 - - [18/Feb/2016:15:51:21 +0800] "GET /Oauth/resource?token=931f2a5321dbd95fdfddeac050a06dc7e251a5c3 HTTP/1.1" 401 2
::1 - - [18/Feb/2016:15:51:23 +0800] "GET /Oauth/resource?token=931f2a5321dbd95fdfddeac050a06dc7e251a5c3 HTTP/1.1" 401 2
::1 - - [18/Feb/2016:15:51:26 +0800] "GET /Oauth/resource?token=931f2a5321dbd95fdfddeac050a06dc7e251a5c3 HTTP/1.1" 401 2
::1 - - [18/Feb/2016:15:51:28 +0800] "GET /Oauth/resource?token=931f2a5321dbd95fdfddeac050a06dc7e251a5c3 HTTP/1.1" 401 2
::1 - - [18/Feb/2016:15:51:28 +0800] "GET /Oauth/resource HTTP/1.1" 401 2
::1 - - [18/Feb/2016:15:51:31 +0800] "GET /Oauth/ HTTP/1.1" 200 1819
::1 - - [18/Feb/2016:15:51:40 +0800] "POST /Oauth/token HTTP/1.1" 200 177
::1 - - [18/Feb/2016:15:52:06 +0800] "GET /Oauth/resource?access_token=641b57ed993dd04ed3b604f0abf629731f6a134b HTTP/1.1" 200 734
::1 - - [18/Feb/2016:15:54:12 +0800] "GET /Oauth/authorize?response_type=code&client_id=testclient&redirect_uri=http://localhost:8010/Oauth/code&state=xyz&scope= HTTP/1.1" 200 526
::1 - - [18/Feb/2016:15:54:45 +0800] "POST /Oauth/authorize?response_type=code&client_id=testclient&redirect_uri=http://localhost:8010/Oauth/code&state=xyz&scope= HTTP/1.1" 302 2
::1 - - [18/Feb/2016:15:54:47 +0800] "GET /Oauth/code?code=49b0e127bb374b48742a0c3d00a42daca0a0f758&state=xyz HTTP/1.1" 200 662
::1 - - [18/Feb/2016:16:05:32 +0800] "GET /Oauth/code HTTP/1.1" 200 385
::1 - - [18/Feb/2016:16:05:46 +0800] "GET /Oauth/code HTTP/1.1" 200 385
::1 - - [18/Feb/2016:16:07:52 +0800] "GET /Oauth/authorize?response_type=code&client_id=testclient&redirect_uri=http://localhost:8010/Oauth/code&state=xyz&scope= HTTP/1.1" 200 526
::1 - - [18/Feb/2016:16:08:05 +0800] "GET /Oauth/authorize?response_type=code&client_id=testclient&redirect_uri=http://localhost:8010/Oauth/code&state=xyz&scope= HTTP/1.1" 200 526
::1 - - [18/Feb/2016:16:08:09 +0800] "POST /Oauth/authorize?response_type=code&client_id=testclient&redirect_uri=http://localhost:8010/Oauth/code&state=xyz&scope= HTTP/1.1" 302 2
::1 - - [18/Feb/2016:16:08:11 +0800] "GET /Oauth/code?code=2015c04ed16cb858150423e1378a79df0d03b583&state=xyz HTTP/1.1" 200 662
::1 - - [18/Feb/2016:16:08:40 +0800] "GET /Oauth/authorize?response_type=code&client_id=testclient&redirect_uri=http://localhost:8010/Oauth/code&state=xyz&scope= HTTP/1.1" 200 526
::1 - - [18/Feb/2016:16:08:44 +0800] "POST /Oauth/authorize?response_type=code&client_id=testclient&redirect_uri=http://localhost:8010/Oauth/code&state=xyz&scope= HTTP/1.1" 302 2
::1 - - [18/Feb/2016:16:08:46 +0800] "GET /Oauth/code?code=6c590d307fab75a2d1757d803caa0b4a47f09919&state=xyz HTTP/1.1" 200 662
::1 - - [18/Feb/2016:16:11:05 +0800] "GET /Oauth/authorize?response_type=code&client_id=testclient&redirect_uri=http://localhost:8010/Oauth/code&state=xyz&scope= HTTP/1.1" 200 526
::1 - - [18/Feb/2016:16:11:57 +0800] "GET /Oauth/authorize?response_type=code&client_id=testclient&redirect_uri=http://localhost:8010/Oauth/code&state=xyz&user_id=xiaocao&scope= HTTP/1.1" 200 526
::1 - - [18/Feb/2016:16:12:00 +0800] "POST /Oauth/authorize?response_type=code&client_id=testclient&redirect_uri=http://localhost:8010/Oauth/code&state=xyz&user_id=xiaocao&scope= HTTP/1.1" 302 2
::1 - - [18/Feb/2016:16:12:01 +0800] "GET /Oauth/code?code=689bbc2aa3e502e4791a116f9386bde16aef888a&state=xyz HTTP/1.1" 200 662
::1 - - [18/Feb/2016:16:13:00 +0800] "GET /Oauth/authorize?response_type=code&client_id=testclient&redirect_uri=http://localhost:8010/Oauth/code&state=xyz&user_id=xiaocao&scope= HTTP/1.1" 200 526
::1 - - [18/Feb/2016:16:13:03 +0800] "POST /Oauth/authorize?response_type=code&client_id=testclient&redirect_uri=http://localhost:8010/Oauth/code&state=xyz&user_id=xiaocao&scope= HTTP/1.1" 200 -
::1 - - [18/Feb/2016:16:13:17 +0800] "GET /Oauth/authorize?response_type=code&client_id=testclient&redirect_uri=http://localhost:8010/Oauth/code&state=xyz&user_id=xiaocao&scope= HTTP/1.1" 200 526
::1 - - [18/Feb/2016:16:13:40 +0800] "POST /Oauth/authorize?response_type=code&client_id=testclient&redirect_uri=http://localhost:8010/Oauth/code&state=xyz&user_id=xiaocao&scope= HTTP/1.1" 200 -
::1 - - [18/Feb/2016:16:13:59 +0800] "GET /Oauth/authorize?response_type=code&client_id=testclient&redirect_uri=http://localhost:8010/Oauth/code&state=xyz&scope= HTTP/1.1" 200 526
::1 - - [18/Feb/2016:16:14:11 +0800] "POST /Oauth/authorize?response_type=code&client_id=testclient&redirect_uri=http://localhost:8010/Oauth/code&state=xyz&scope= HTTP/1.1" 200 -
::1 - - [18/Feb/2016:16:14:23 +0800] "GET /Oauth/authorize?response_type=code&client_id=testclient&redirect_uri=http://localhost:8010/Oauth/code&state=xyz&scope= HTTP/1.1" 200 526
::1 - - [18/Feb/2016:16:14:25 +0800] "POST /Oauth/authorize?response_type=code&client_id=testclient&redirect_uri=http://localhost:8010/Oauth/code&state=xyz&scope= HTTP/1.1" 200 -
::1 - - [18/Feb/2016:16:15:57 +0800] "GET /Oauth/authorize?response_type=code&client_id=testclient&redirect_uri=http://localhost:8010/Oauth/code&state=xyz&scope= HTTP/1.1" 200 526
::1 - - [18/Feb/2016:16:16:23 +0800] "POST /Oauth/authorize?response_type=code&client_id=testclient&redirect_uri=http://localhost:8010/Oauth/code&state=xyz&scope= HTTP/1.1" 200 -
::1 - - [18/Feb/2016:16:19:26 +0800] "GET /Oauth/authorize?response_type=code&client_id=testclient&redirect_uri=http://localhost:8010/Oauth/code&state=xyz&scope= HTTP/1.1" 302 117
::1 - - [18/Feb/2016:16:19:27 +0800] "GET /Oauth/code?error=unauthorized_client&error_description=The+grant+type+is+unauthorized+for+this+client_id&state=xyz HTTP/1.1" 200 821
::1 - - [18/Feb/2016:16:19:47 +0800] "GET /Oauth/authorize?response_type=code&client_id=testclient&redirect_uri=http://localhost:8010/Oauth/code&state=xyz&scope= HTTP/1.1" 200 1589
::1 - - [18/Feb/2016:16:21:25 +0800] "GET /Oauth/authorize?response_type=code&client_id=testclient&redirect_uri=http://localhost:8010/Oauth/code&state=xyz&scope= HTTP/1.1" 200 526
::1 - - [18/Feb/2016:16:23:46 +0800] "GET /Oauth/authorize?response_type=code&client_id=testclient&redirect_uri=http://localhost:8010/Oauth/code&state=xyz&scope= HTTP/1.1" 200 526
::1 - - [18/Feb/2016:16:23:58 +0800] "GET /Oauth/authorize?response_type=code&client_id=testclient&redirect_uri=http://localhost:8010/Oauth/code&state=xyz&scope= HTTP/1.1" 302 117
::1 - - [18/Feb/2016:16:23:59 +0800] "GET /Oauth/code?error=unauthorized_client&error_description=The+grant+type+is+unauthorized+for+this+client_id&state=xyz HTTP/1.1" 200 821
::1 - - [18/Feb/2016:16:26:16 +0800] "GET /Oauth/code?error=unauthorized_client&error_description=The+grant+type+is+unauthorized+for+this+client_id&state=xyz HTTP/1.1" 200 821
::1 - - [18/Feb/2016:16:26:18 +0800] "GET /Oauth/authorize?response_type=code&client_id=testclient&redirect_uri=http://localhost:8010/Oauth/code&state=xyz&scope= HTTP/1.1" 302 220
::1 - - [18/Feb/2016:16:26:30 +0800] "GET /Oauth/authorize?response_type=code&client_id=testclient&redirect_uri=http://localhost:8010/Oauth/code&state=xyz&scope= HTTP/1.1" 302 220
::1 - - [18/Feb/2016:16:26:35 +0800] "GET /Oauth/authorize?response_type=code&client_id=testclient&redirect_uri=http://localhost:8010/Oauth/code&state=xyz&user_id=xiaocao&scope= HTTP/1.1" 302 220
::1 - - [18/Feb/2016:16:26:36 +0800] "GET /Oauth/code?error=unauthorized_client&error_description=The+grant+type+is+unauthorized+for+this+client_id&state=xyz HTTP/1.1" 200 821
::1 - - [18/Feb/2016:16:26:43 +0800] "GET /Oauth/authorize?response_type=code&client_id=testclient&redirect_uri=http://localhost:8010/Oauth/code&state=xyz&user_id=xiaocao&scope= HTTP/1.1" 302 220
::1 - - [18/Feb/2016:16:26:45 +0800] "GET /Oauth/authorize?response_type=code&client_id=testclient&redirect_uri=http://localhost:8010/Oauth/code&state=xyz&user_id=xiaocao&scope= HTTP/1.1" 302 220
::1 - - [18/Feb/2016:16:26:47 +0800] "GET /Oauth/authorize?response_type=code&client_id=testclient&redirect_uri=http://localhost:8010/Oauth/code&state=xyz&scope= HTTP/1.1" 302 220
::1 - - [18/Feb/2016:16:26:56 +0800] "GET /Oauth/authorize?response_type=code&client_id=testclient&redirect_uri=http://localhost:8010/Oauth/code&state=xyz&scope= HTTP/1.1" 302 220
::1 - - [18/Feb/2016:16:26:57 +0800] "GET /Oauth/code?error=unauthorized_client&error_description=The+grant+type+is+unauthorized+for+this+client_id&state=xyz HTTP/1.1" 200 821
::1 - - [18/Feb/2016:16:32:44 +0800] "GET /Oauth/authorize?response_type=code&client_id=testclient&redirect_uri=http://localhost:8010/Oauth/code&state=xyz&scope=userinfo HTTP/1.1" 200 526
::1 - - [18/Feb/2016:16:32:46 +0800] "GET /Oauth/authorize?response_type=code&client_id=testclient&redirect_uri=http://localhost:8010/Oauth/code&state=xyz&scope=userinfo HTTP/1.1" 200 526
::1 - - [18/Feb/2016:16:32:59 +0800] "POST /Oauth/authorize?response_type=code&client_id=testclient&redirect_uri=http://localhost:8010/Oauth/code&state=xyz&scope=userinfo HTTP/1.1" 200 -
::1 - - [18/Feb/2016:16:33:31 +0800] "GET /Oauth/ HTTP/1.1" 200 1819
::1 - - [18/Feb/2016:16:33:35 +0800] "GET /Oauth/authorize?response_type=code&client_id=testclient&redirect_uri=http://localhost:8010/Oauth/code&state=xyz&scope= HTTP/1.1" 200 526
::1 - - [18/Feb/2016:16:33:44 +0800] "POST /Oauth/authorize?response_type=code&client_id=testclient&redirect_uri=http://localhost:8010/Oauth/code&state=xyz&scope= HTTP/1.1" 400 82
::1 - - [18/Feb/2016:16:35:27 +0800] "GET /Oauth/authorize?response_type=code&client_id=123&redirect_uri=http://localhost:8010/Oauth/code&state=xyz&scope= HTTP/1.1" 400 82
::1 - - [18/Feb/2016:16:35:34 +0800] "GET /Oauth/authorize?response_type=code&client_id=lijie&redirect_uri=http://localhost:8010/Oauth/code&state=xyz&scope= HTTP/1.1" 200 526
::1 - - [18/Feb/2016:16:36:07 +0800] "GET /Oauth/authorize?response_type=code&client_id=lijie&redirect_uri=http://localhost:8010/Oauth/code&state=xyz&scope= HTTP/1.1" 200 526
::1 - - [18/Feb/2016:16:36:11 +0800] "POST /Oauth/authorize?response_type=code&client_id=lijie&redirect_uri=http://localhost:8010/Oauth/code&state=xyz&scope= HTTP/1.1" 302 2
::1 - - [18/Feb/2016:16:36:12 +0800] "GET /Oauth/code?code=a51ef43cd5a919ce57a70f9923d73b0b72ecb4bf&state=xyz HTTP/1.1" 200 662
::1 - - [18/Feb/2016:16:36:38 +0800] "GET /Oauth/ HTTP/1.1" 200 1809
::1 - - [18/Feb/2016:16:36:43 +0800] "POST /Oauth/token HTTP/1.1" 400 83
::1 - - [18/Feb/2016:16:36:49 +0800] "POST /Oauth/token HTTP/1.1" 400 83
::1 - - [18/Feb/2016:16:37:16 +0800] "GET /Oauth/ HTTP/1.1" 200 1802
::1 - - [18/Feb/2016:16:37:19 +0800] "POST /Oauth/token HTTP/1.1" 400 82
::1 - - [18/Feb/2016:16:37:39 +0800] "GET /Oauth/authorize?response_type=code&client_id=testclient&redirect_uri=http://localhost:8010/Oauth/code&state=xyz&scope=userinfo HTTP/1.1" 400 82
::1 - - [18/Feb/2016:16:37:46 +0800] "GET /Oauth/authorize?response_type=code&client_id=lijie&redirect_uri=http://localhost:8010/Oauth/code&state=xyz&scope=userinfo HTTP/1.1" 200 526
::1 - - [18/Feb/2016:16:37:48 +0800] "POST /Oauth/authorize?response_type=code&client_id=lijie&redirect_uri=http://localhost:8010/Oauth/code&state=xyz&scope=userinfo HTTP/1.1" 302 2
::1 - - [18/Feb/2016:16:37:49 +0800] "GET /Oauth/code?code=d74ceb98ae719869f7a7e3d7a2f8aeb33bd828c1&state=xyz HTTP/1.1" 200 662
::1 - - [18/Feb/2016:16:37:58 +0800] "POST /Oauth/token HTTP/1.1" 200 177
::1 - - [18/Feb/2016:16:38:21 +0800] "GET /Oauth/resource?access_token=27aef7e7d71911c95ab4e62693cbc71ce0d7b9f8 HTTP/1.1" 200 773
::1 - - [18/Feb/2016:16:39:29 +0800] "GET /Oauth/resource?access_token=27aef7e7d71911c95ab4e62693cbc71ce0d7b9f8 HTTP/1.1" 401 848
::1 - - [18/Feb/2016:16:40:04 +0800] "GET /Oauth/resource?access_token=27aef7e7d71911c95ab4e62693cbc71ce0d7b9f8 HTTP/1.1" 401 809
::1 - - [18/Feb/2016:16:40:18 +0800] "GET /Oauth/resource?access_token=27aef7e7d71911c95ab4e62693cbc71ce0d7b9f8 HTTP/1.1" 401 809
::1 - - [18/Feb/2016:16:40:32 +0800] "GET /Oauth/resource?access_token=27aef7e7d71911c95ab4e62693cbc71ce0d7b9f8 HTTP/1.1" 401 809
::1 - - [18/Feb/2016:16:40:53 +0800] "GET /Oauth/resource?access_token=27aef7e7d71911c95ab4e62693cbc71ce0d7b9f8 HTTP/1.1" 401 808
::1 - - [18/Feb/2016:16:41:41 +0800] "GET /Oauth/authorize?response_type=code&client_id=lijie&redirect_uri=http://localhost:8010/Oauth/code&state=xyz&scope=userinfo HTTP/1.1" 200 526
::1 - - [18/Feb/2016:16:41:44 +0800] "GET /Oauth/authorize?response_type=code&client_id=lijie&redirect_uri=http://localhost:8010/Oauth/code&state=xyz&scope=userinfo HTTP/1.1" 200 526
::1 - - [18/Feb/2016:16:41:47 +0800] "POST /Oauth/authorize?response_type=code&client_id=lijie&redirect_uri=http://localhost:8010/Oauth/code&state=xyz&scope=userinfo HTTP/1.1" 302 2
::1 - - [18/Feb/2016:16:41:48 +0800] "GET /Oauth/code?code=bf34aa8731bfc623398a11391bf5ff52a3b48c80&state=xyz HTTP/1.1" 200 662
::1 - - [18/Feb/2016:16:41:58 +0800] "POST /Oauth/token HTTP/1.1" 200 177
::1 - - [18/Feb/2016:16:42:56 +0800] "GET /Oauth/resource?access_token=00d0dc008befcc65a770ad07595a8ce8e713cde9 HTTP/1.1" 401 848
::1 - - [18/Feb/2016:16:43:22 +0800] "GET /Oauth/authorize?response_type=code&client_id=lijie&redirect_uri=http://localhost:8010/Oauth/code&state=xyz&scope=userinfo HTTP/1.1" 200 526
::1 - - [18/Feb/2016:16:43:25 +0800] "GET /Oauth/authorize?response_type=code&client_id=lijie&redirect_uri=http://localhost:8010/Oauth/code&state=xyz&scope=userinfo HTTP/1.1" 200 526
::1 - - [18/Feb/2016:16:43:27 +0800] "POST /Oauth/authorize?response_type=code&client_id=lijie&redirect_uri=http://localhost:8010/Oauth/code&state=xyz&scope=userinfo HTTP/1.1" 302 2
::1 - - [18/Feb/2016:16:43:28 +0800] "GET /Oauth/code?code=6186f4b647a2a19d30e505580d4395eb3e537168&state=xyz HTTP/1.1" 200 662
::1 - - [18/Feb/2016:16:43:47 +0800] "POST /Oauth/token HTTP/1.1" 200 177
::1 - - [18/Feb/2016:16:44:09 +0800] "GET /Oauth/resource?access_token=98af4dd9ff7dc7e859628beafb9971b3913cecdf HTTP/1.1" 401 848
::1 - - [18/Feb/2016:16:44:43 +0800] "GET /Oauth/authorize?response_type=code&client_id=lijie&redirect_uri=http://localhost:8010/Oauth/code&state=xyz&scope=userinfo HTTP/1.1" 302 96
::1 - - [18/Feb/2016:16:44:44 +0800] "GET /Oauth/code?error=invalid_scope&error_description=An+unsupported+scope+was+requested&state=xyz HTTP/1.1" 200 800
::1 - - [18/Feb/2016:16:44:48 +0800] "GET /Oauth/authorize?response_type=code&client_id=testclient&redirect_uri=http://localhost:8010/Oauth/code&state=xyz&scope=userinfo HTTP/1.1" 400 82
::1 - - [18/Feb/2016:16:44:52 +0800] "GET /Oauth/authorize?response_type=code&client_id=testclient&redirect_uri=http://localhost:8010/Oauth/code&state=xyz&scope=userinfo HTTP/1.1" 400 82
::1 - - [18/Feb/2016:16:44:58 +0800] "GET /Oauth/authorize?response_type=code&client_id=lijie&redirect_uri=http://localhost:8010/Oauth/code&state=xyz&scope=userinfo HTTP/1.1" 302 96
::1 - - [18/Feb/2016:16:44:59 +0800] "GET /Oauth/code?error=invalid_scope&error_description=An+unsupported+scope+was+requested&state=xyz HTTP/1.1" 200 800
::1 - - [18/Feb/2016:16:45:09 +0800] "GET /Oauth/authorize?response_type=code&client_id=testclient&redirect_uri=http://localhost:8010/Oauth/code&state=xyz&scope=userinfo HTTP/1.1" 400 82
::1 - - [18/Feb/2016:16:45:13 +0800] "GET /Oauth/authorize?response_type=code&client_id=testclient&redirect_uri=http://localhost:8010/Oauth/code&state=xyz&scope= HTTP/1.1" 400 82
::1 - - [18/Feb/2016:16:45:19 +0800] "GET /Oauth/authorize?response_type=code&client_id=lijie&redirect_uri=http://localhost:8010/Oauth/code&state=xyz&scope= HTTP/1.1" 200 526
::1 - - [18/Feb/2016:16:45:25 +0800] "POST /Oauth/authorize?response_type=code&client_id=lijie&redirect_uri=http://localhost:8010/Oauth/code&state=xyz&scope= HTTP/1.1" 302 2
::1 - - [18/Feb/2016:16:45:26 +0800] "GET /Oauth/code?code=a79c18a030e3bd8ea54f5fe5c674bb3a75b25500&state=xyz HTTP/1.1" 200 662
::1 - - [18/Feb/2016:16:45:41 +0800] "POST /Oauth/token HTTP/1.1" 400 82
::1 - - [18/Feb/2016:16:47:19 +0800] "GET /Oauth/authorize?response_type=code&client_id=lijie&redirect_uri=http://localhost:8010/Oauth/code&state=xyz&scope= HTTP/1.1" 200 526
::1 - - [18/Feb/2016:16:47:23 +0800] "POST /Oauth/authorize?response_type=code&client_id=lijie&redirect_uri=http://localhost:8010/Oauth/code&state=xyz&scope= HTTP/1.1" 302 2
::1 - - [18/Feb/2016:16:47:24 +0800] "GET /Oauth/code?code=06b514cc880385c8f7cb8d00c375ff97be9db5e2&state=xyz HTTP/1.1" 200 662
::1 - - [18/Feb/2016:16:47:34 +0800] "POST /Oauth/token HTTP/1.1" 200 177
::1 - - [18/Feb/2016:16:47:51 +0800] "GET /Oauth/resource?access_token=7f5f1a4e048223085c9827202f04b1afd77b840a HTTP/1.1" 401 848
::1 - - [18/Feb/2016:16:48:18 +0800] "GET /Oauth/resource?access_token=7f5f1a4e048223085c9827202f04b1afd77b840a HTTP/1.1" 200 773
::1 - - [18/Feb/2016:16:49:01 +0800] "GET /Oauth/resource?access_token=7f5f1a4e048223085c9827202f04b1afd77b840a HTTP/1.1" 200 773
::1 - - [18/Feb/2016:16:49:03 +0800] "GET /Oauth/resource?access_token=7f5f1a4e048223085c9827202f04b1afd77b840a HTTP/1.1" 200 773
::1 - - [18/Feb/2016:16:49:12 +0800] "GET /Oauth/authorize?response_type=code&client_id=lijie&redirect_uri=http://localhost:8010/Oauth/code&state=xyz&scope=userinfo HTTP/1.1" 200 526
::1 - - [18/Feb/2016:16:49:15 +0800] "POST /Oauth/authorize?response_type=code&client_id=lijie&redirect_uri=http://localhost:8010/Oauth/code&state=xyz&scope=userinfo HTTP/1.1" 302 2
::1 - - [18/Feb/2016:16:49:16 +0800] "GET /Oauth/code?code=e78fcbbf9d630cafbf6e7e17db2c0b2808694ac0&state=xyz HTTP/1.1" 200 662
::1 - - [18/Feb/2016:16:49:19 +0800] "GET /Oauth/resource?access_token=7f5f1a4e048223085c9827202f04b1afd77b840a HTTP/1.1" 200 773
::1 - - [18/Feb/2016:16:49:29 +0800] "POST /Oauth/token HTTP/1.1" 200 177
::1 - - [18/Feb/2016:16:49:34 +0800] "GET /Oauth/resource?access_token=7f5f1a4e048223085c9827202f04b1afd77b840a HTTP/1.1" 200 773
::1 - - [18/Feb/2016:16:50:03 +0800] "GET /Oauth/resource?access_token=55bbfb1966eb6e8d779fe902dbe81f9bb9d23f57 HTTP/1.1" 200 773
::1 - - [18/Feb/2016:16:50:34 +0800] "GET /Oauth/resource?access_token=55bbfb1966eb6e8d779fe902dbe81f9bb9d23f57 HTTP/1.1" 200 773
::1 - - [18/Feb/2016:16:50:47 +0800] "GET /Oauth/resource?access_token=55bbfb1966eb6e8d779fe902dbe81f9bb9d23f57 HTTP/1.1" 401 808
::1 - - [18/Feb/2016:16:51:42 +0800] "GET /Oauth/resource?access_token=55bbfb1966eb6e8d779fe902dbe81f9bb9d23f57 HTTP/1.1" 401 85
::1 - - [18/Feb/2016:16:52:37 +0800] "GET /Oauth/resource?access_token=55bbfb1966eb6e8d779fe902dbe81f9bb9d23f57 HTTP/1.1" 401 188
::1 - - [18/Feb/2016:16:52:59 +0800] "GET /Oauth/resource?access_token=55bbfb1966eb6e8d779fe902dbe81f9bb9d23f57 HTTP/1.1" 401 85
::1 - - [18/Feb/2016:16:53:33 +0800] "GET /Oauth/resource?access_token=55bbfb1966eb6e8d779fe902dbe81f9bb9d23f57 HTTP/1.1" 200 50
::1 - - [18/Feb/2016:16:53:37 +0800] "GET /Oauth/resource?access_token=55bbfb1966eb6e8d779fe902dbe81f9bb9d23f57 HTTP/1.1" 200 50
::1 - - [18/Feb/2016:16:54:26 +0800] "GET /Oauth/resource?access_token=55bbfb1966eb6e8d779fe902dbe81f9bb9d23f57 HTTP/1.1" 401 85
::1 - - [18/Feb/2016:16:54:35 +0800] "GET /Oauth/resource?access_token=55bbfb1966eb6e8d779fe902dbe81f9bb9d23f57 HTTP/1.1" 200 50
::1 - - [18/Feb/2016:17:04:00 +0800] "GET /Oauth/authorize?response_type=code&client_id=testclient&redirect_uri=http://localhost:8010/Oauth/code&state=xyz&scope= HTTP/1.1" 400 82
::1 - - [18/Feb/2016:17:07:20 +0800] "GET /Oauth/authorize?response_type=code&client_id=lijie&redirect_uri=http://localhost:8010/Oauth/code&state=&scope= HTTP/1.1" 302 81
::1 - - [18/Feb/2016:17:07:21 +0800] "GET /Oauth/code?error=invalid_request&error_description=The+state+parameter+is+required HTTP/1.1" 200 679
::1 - - [18/Feb/2016:17:09:00 +0800] "GET /Oauth/authorize?response_type=code&client_id=lijie&redirect_uri=http://localhost:8010/Oauth/code&state=&scope= HTTP/1.1" 400 177
::1 - - [18/Feb/2016:17:10:06 +0800] "GET /Oauth/authorize?response_type=code&client_id=lijie&redirect_uri=http://localhost:8030/Index/code&state=xyz&scope= HTTP/1.1" 200 526
::1 - - [18/Feb/2016:17:11:17 +0800] "GET /Oauth/authorize?response_type=code&client_id=lijie&redirect_uri=http://localhost:8030/Index/code&state=xyz&scope= HTTP/1.1" 200 526
::1 - - [18/Feb/2016:17:12:00 +0800] "POST /Oauth/authorize?response_type=code&client_id=lijie&redirect_uri=http://localhost:8030/Index/code&state=xyz&scope= HTTP/1.1" 302 2
::1 - - [18/Feb/2016:17:20:21 +0800] "GET /Oauth/authorize?response_type=code&client_id=lijie&redirect_uri=http://localhost:8030/Index/code&state=xyz&scope= HTTP/1.1" 200 526
::1 - - [18/Feb/2016:17:20:24 +0800] "GET /Oauth/authorize?response_type=code&client_id=lijie&redirect_uri=http://localhost:8030/Index/code&state=xyz&scope= HTTP/1.1" 200 526
::1 - - [18/Feb/2016:17:20:27 +0800] "POST /Oauth/authorize?response_type=code&client_id=lijie&redirect_uri=http://localhost:8030/Index/code&state=xyz&scope= HTTP/1.1" 302 2
::1 - - [18/Feb/2016:17:20:28 +0800] "POST /Oauth/token HTTP/1.1" 400 114
::1 - - [18/Feb/2016:17:21:16 +0800] "POST /Oauth/token HTTP/1.1" 400 109
::1 - - [18/Feb/2016:17:22:03 +0800] "GET /Oauth/authorize?response_type=code&client_id=lijie&redirect_uri=http://localhost:8030/Index/code&state=xyz&scope= HTTP/1.1" 200 526
::1 - - [18/Feb/2016:17:22:06 +0800] "GET /Oauth/authorize?response_type=code&client_id=lijie&redirect_uri=http://localhost:8030/Index/code&state=xyz&scope= HTTP/1.1" 200 526
::1 - - [18/Feb/2016:17:22:08 +0800] "POST /Oauth/authorize?response_type=code&client_id=lijie&redirect_uri=http://localhost:8030/Index/code&state=xyz&scope= HTTP/1.1" 302 2
::1 - - [18/Feb/2016:17:22:09 +0800] "POST /Oauth/token HTTP/1.1" 200 177
::1 - - [18/Feb/2016:17:23:40 +0800] "GET /Oauth/authorize?response_type=code&client_id=lijie&redirect_uri=http://localhost:8030/Index/code&state=xyz&scope= HTTP/1.1" 200 526
::1 - - [18/Feb/2016:17:23:43 +0800] "GET /Oauth/authorize?response_type=code&client_id=lijie&redirect_uri=http://localhost:8030/Index/code&state=xyz&scope= HTTP/1.1" 200 526
::1 - - [18/Feb/2016:17:23:46 +0800] "POST /Oauth/authorize?response_type=code&client_id=lijie&redirect_uri=http://localhost:8030/Index/code&state=xyz&scope= HTTP/1.1" 302 2
::1 - - [18/Feb/2016:17:23:47 +0800] "POST /Oauth/token HTTP/1.1" 200 177
::1 - - [18/Feb/2016:17:23:48 +0800] "GET /Oauth/resource?access_token=\" HTTP/1.1" 401 84
::1 - - [18/Feb/2016:17:24:11 +0800] "GET /Oauth/authorize?response_type=code&client_id=lijie&redirect_uri=http://localhost:8030/Index/code&state=xyz&scope= HTTP/1.1" 200 526
::1 - - [18/Feb/2016:17:24:13 +0800] "POST /Oauth/authorize?response_type=code&client_id=lijie&redirect_uri=http://localhost:8030/Index/code&state=xyz&scope= HTTP/1.1" 302 2
::1 - - [18/Feb/2016:17:24:15 +0800] "POST /Oauth/token HTTP/1.1" 200 177
::1 - - [18/Feb/2016:17:24:16 +0800] "GET /Oauth/resource?access_token=\" HTTP/1.1" 401 84
::1 - - [18/Feb/2016:17:24:30 +0800] "GET /Oauth/authorize?response_type=code&client_id=lijie&redirect_uri=http://localhost:8030/Index/code&state=xyz&scope= HTTP/1.1" 200 526
::1 - - [18/Feb/2016:17:24:33 +0800] "POST /Oauth/authorize?response_type=code&client_id=lijie&redirect_uri=http://localhost:8030/Index/code&state=xyz&scope= HTTP/1.1" 302 2
::1 - - [18/Feb/2016:17:24:34 +0800] "POST /Oauth/token HTTP/1.1" 200 177
::1 - - [18/Feb/2016:17:24:36 +0800] "GET /Oauth/resource?access_token=\" HTTP/1.1" 401 84
::1 - - [18/Feb/2016:17:25:01 +0800] "GET /Oauth/authorize?response_type=code&client_id=lijie&redirect_uri=http://localhost:8030/Index/code&state=xyz&scope= HTTP/1.1" 200 526
::1 - - [18/Feb/2016:17:25:03 +0800] "POST /Oauth/authorize?response_type=code&client_id=lijie&redirect_uri=http://localhost:8030/Index/code&state=xyz&scope= HTTP/1.1" 302 2
::1 - - [18/Feb/2016:17:25:04 +0800] "POST /Oauth/token HTTP/1.1" 200 177
::1 - - [18/Feb/2016:17:25:05 +0800] "GET /Oauth/resource?access_token={ HTTP/1.1" 401 84
::1 - - [18/Feb/2016:17:25:20 +0800] "GET /Oauth/authorize?response_type=code&client_id=lijie&redirect_uri=http://localhost:8030/Index/code&state=xyz&scope= HTTP/1.1" 200 526
::1 - - [18/Feb/2016:17:25:22 +0800] "POST /Oauth/authorize?response_type=code&client_id=lijie&redirect_uri=http://localhost:8030/Index/code&state=xyz&scope= HTTP/1.1" 302 2
::1 - - [18/Feb/2016:17:25:24 +0800] "POST /Oauth/token HTTP/1.1" 200 177
::1 - - [18/Feb/2016:17:25:25 +0800] "GET /Oauth/resource?access_token=43dc47c16056f40225bc07feb82f34de6102af8d HTTP/1.1" 200 50
::1 - - [18/Feb/2016:17:32:05 +0800] "POST /Oauth/token HTTP/1.1" 400 109
::1 - - [18/Feb/2016:17:32:06 +0800] "GET /Oauth/resource?access_token= HTTP/1.1" 401 2
::1 - - [18/Feb/2016:17:32:09 +0800] "GET /Oauth/authorize?response_type=code&client_id=lijie&redirect_uri=http://localhost:8030/Index/code&state=xyz&scope= HTTP/1.1" 200 526
::1 - - [18/Feb/2016:17:32:12 +0800] "GET /Oauth/authorize?response_type=code&client_id=lijie&redirect_uri=http://localhost:8030/Index/code&state=xyz&scope= HTTP/1.1" 200 526
::1 - - [18/Feb/2016:17:32:14 +0800] "POST /Oauth/authorize?response_type=code&client_id=lijie&redirect_uri=http://localhost:8030/Index/code&state=xyz&scope= HTTP/1.1" 302 2
::1 - - [18/Feb/2016:17:32:15 +0800] "POST /Oauth/token HTTP/1.1" 200 177
::1 - - [18/Feb/2016:17:32:17 +0800] "GET /Oauth/resource?access_token=428192e344f1b33afa102881164fca796a93b15a HTTP/1.1" 200 91
::1 - - [18/Feb/2016:17:33:45 +0800] "GET /Oauth/authorize?response_type=code&client_id=lijie&redirect_uri=http://localhost:8030/Index/code&state=xyz&scope= HTTP/1.1" 200 526
::1 - - [18/Feb/2016:17:33:49 +0800] "GET /Oauth/authorize?response_type=code&client_id=lijie&redirect_uri=http://localhost:8030/Index/code&state=xyz&scope= HTTP/1.1" 200 526
::1 - - [18/Feb/2016:17:33:51 +0800] "POST /Oauth/authorize?response_type=code&client_id=lijie&redirect_uri=http://localhost:8030/Index/code&state=xyz&scope= HTTP/1.1" 302 2
::1 - - [18/Feb/2016:17:33:52 +0800] "POST /Oauth/token HTTP/1.1" 200 177
::1 - - [18/Feb/2016:17:33:53 +0800] "GET /Oauth/resource?access_token=6aa1ac6feb0629e5fdb44f3569144711453c2a13 HTTP/1.1" 200 106
::1 - - [18/Feb/2016:17:35:33 +0800] "GET /Oauth/authorize?response_type=code&client_id=lijie&redirect_uri=http://localhost:8030/Index/code&state=xyz&scope= HTTP/1.1" 200 526
::1 - - [18/Feb/2016:17:35:36 +0800] "GET /Oauth/authorize?response_type=code&client_id=lijie&redirect_uri=http://localhost:8030/Index/code&state=xyz&scope= HTTP/1.1" 200 526
::1 - - [18/Feb/2016:17:35:38 +0800] "POST /Oauth/authorize?response_type=code&client_id=lijie&redirect_uri=http://localhost:8030/Index/code&state=xyz&scope= HTTP/1.1" 302 2
::1 - - [18/Feb/2016:17:35:39 +0800] "POST /Oauth/token HTTP/1.1" 200 177
::1 - - [18/Feb/2016:17:35:41 +0800] "GET /Oauth/resource?access_token=fe577b4a97e692afd72ed8c29b9d478bdf13f15f HTTP/1.1" 200 97
::1 - - [18/Feb/2016:17:39:16 +0800] "GET /Oauth/authorize?response_type=code&client_id=lijie&redirect_uri=http://localhost:8030/Index/code&state=xyz&scope= HTTP/1.1" 200 512
::1 - - [18/Feb/2016:17:39:21 +0800] "GET / HTTP/1.1" 200 1528
::1 - - [18/Feb/2016:17:39:45 +0800] "GET /Oauth/authorize?response_type=code&client_id=lijie&redirect_uri=http://localhost:8030/Index/code&state=xyz&scope= HTTP/1.1" 200 409
::1 - - [18/Feb/2016:17:47:00 +0800] "GET /Oauth/authorize?response_type=code&client_id=lijie&redirect_uri=http://localhost:8030/Index/code&state=xyz&scope= HTTP/1.1" 200 482
::1 - - [18/Feb/2016:17:47:18 +0800] "GET /Oauth/authorize?response_type=code&client_id=lijie&redirect_uri=http://localhost:8030/Index/code&state=xyz&scope= HTTP/1.1" 200 487
::1 - - [18/Feb/2016:17:47:21 +0800] "POST /Oauth/authorize?response_type=code&client_id=lijie&redirect_uri=http://localhost:8030/Index/code&state=xyz&scope= HTTP/1.1" 200 5
::1 - - [18/Feb/2016:17:47:24 +0800] "GET /Oauth/authorize?response_type=code&client_id=lijie&redirect_uri=http://localhost:8030/Index/code&state=xyz&scope= HTTP/1.1" 200 487
::1 - - [18/Feb/2016:17:47:41 +0800] "GET /Oauth/authorize?response_type=code&client_id=lijie&redirect_uri=http://localhost:8030/Index/code&state=xyz&scope= HTTP/1.1" 200 487
::1 - - [18/Feb/2016:17:47:44 +0800] "POST /Oauth/authorize?response_type=code&client_id=lijie&redirect_uri=http://localhost:8030/Index/code&state=xyz&scope= HTTP/1.1" 200 22
::1 - - [18/Feb/2016:17:47:47 +0800] "GET /Oauth/authorize?response_type=code&client_id=lijie&redirect_uri=http://localhost:8030/Index/code&state=xyz&scope= HTTP/1.1" 200 487
::1 - - [18/Feb/2016:17:47:55 +0800] "POST /Oauth/authorize?response_type=code&client_id=lijie&redirect_uri=http://localhost:8030/Index/code&state=xyz&scope= HTTP/1.1" 302 2
::1 - - [18/Feb/2016:17:47:58 +0800] "POST /Oauth/token HTTP/1.1" 200 177
::1 - - [18/Feb/2016:17:47:59 +0800] "GET /Oauth/resource?access_token=f5b754a2181673db5bdb871c1e367c5155c81b41 HTTP/1.1" 200 97
::1 - - [18/Feb/2016:17:56:29 +0800] "GET /Oauth/authorize?response_type=code&client_id=lijie&redirect_uri=http://localhost:8030/Index/code&state=xyz&scope= HTTP/1.1" 200 487
::1 - - [18/Feb/2016:18:01:27 +0800] "GET /Oauth/authorize?response_type=code&client_id=lijie&redirect_uri=http://localhost:8030/Index/code&state=xyz&scope= HTTP/1.1" 200 487
::1 - - [18/Feb/2016:18:01:29 +0800] "GET /favicon.ico HTTP/1.1" 404 -
::1 - - [18/Feb/2016:18:01:32 +0800] "POST /Oauth/authorize?response_type=code&client_id=lijie&redirect_uri=http://localhost:8030/Index/code&state=xyz&scope= HTTP/1.1" 200 22
::1 - - [18/Feb/2016:18:01:36 +0800] "GET /Oauth/authorize?response_type=code&client_id=lijie&redirect_uri=http://localhost:8030/Index/code&state=xyz&scope= HTTP/1.1" 200 487
::1 - - [18/Feb/2016:18:01:43 +0800] "POST /Oauth/authorize?response_type=code&client_id=lijie&redirect_uri=http://localhost:8030/Index/code&state=xyz&scope= HTTP/1.1" 302 2
::1 - - [18/Feb/2016:18:01:46 +0800] "POST /Oauth/token HTTP/1.1" 200 177
::1 - - [18/Feb/2016:18:01:47 +0800] "GET /Oauth/resource?access_token=9785c44eaa98e3a6db1df28794535099a13c8eba HTTP/1.1" 200 97
::1 - - [18/Feb/2016:18:03:55 +0800] "GET /Oauth/authorize?response_type=code&client_id=lijie&redirect_uri=http://localhost:8030/Index/code&state=xyz&scope= HTTP/1.1" 200 487
::1 - - [18/Feb/2016:18:03:57 +0800] "POST /Oauth/authorize?response_type=code&client_id=lijie&redirect_uri=http://localhost:8030/Index/code&state=xyz&scope= HTTP/1.1" 302 2
::1 - - [18/Feb/2016:18:04:00 +0800] "POST /Oauth/token HTTP/1.1" 200 177
::1 - - [18/Feb/2016:18:04:01 +0800] "GET /Oauth/resource?access_token=8d1c0256dbf936aee6ca4ad477ebfc3d1647b09a HTTP/1.1" 200 97
::1 - - [18/Feb/2016:18:04:24 +0800] "GET /Oauth/authorize?response_type=code&client_id=lijie&redirect_uri=http://localhost:8030/Index/code&state=xyz&scope= HTTP/1.1" 200 487
::1 - - [18/Feb/2016:18:04:27 +0800] "POST /Oauth/authorize?response_type=code&client_id=lijie&redirect_uri=http://localhost:8030/Index/code&state=xyz&scope= HTTP/1.1" 302 2
::1 - - [18/Feb/2016:18:04:29 +0800] "POST /Oauth/token HTTP/1.1" 200 177
::1 - - [18/Feb/2016:18:04:30 +0800] "GET /Oauth/resource?access_token=488c352b37dcbde33f79127840e77134aa0150cb HTTP/1.1" 200 97
::1 - - [18/Feb/2016:18:04:50 +0800] "GET /Oauth/authorize?response_type=code&client_id=lijie&redirect_uri=http://localhost:8030/Index/code&state=xyz&scope= HTTP/1.1" 200 487
::1 - - [18/Feb/2016:18:04:53 +0800] "POST /Oauth/authorize?response_type=code&client_id=lijie&redirect_uri=http://localhost:8030/Index/code&state=xyz&scope= HTTP/1.1" 302 2
::1 - - [18/Feb/2016:18:04:55 +0800] "POST /Oauth/token HTTP/1.1" 200 177
::1 - - [18/Feb/2016:18:04:56 +0800] "GET /Oauth/resource?access_token=7ff80f0d911c1933edd2a72eee6400d9c8fb1896 HTTP/1.1" 200 97
::1 - - [18/Feb/2016:18:57:42 +0800] "GET /Oauth/authorize?response_type=code&client_id=lijie&redirect_uri=http://localhost:8030/Index/code&state=xyz&scope= HTTP/1.1" 200 487
::1 - - [18/Feb/2016:18:57:44 +0800] "GET /favicon.ico HTTP/1.1" 404 -
::1 - - [18/Feb/2016:18:57:52 +0800] "POST /Oauth/authorize?response_type=code&client_id=lijie&redirect_uri=http://localhost:8030/Index/code&state=xyz&scope= HTTP/1.1" 302 2
::1 - - [18/Feb/2016:18:57:54 +0800] "POST /Oauth/token HTTP/1.1" 200 177
::1 - - [18/Feb/2016:18:57:55 +0800] "GET /Oauth/resource?access_token=5f9b4bb297918fec4867bdc2e3fae0f1f3927e79 HTTP/1.1" 200 97
::1 - - [18/Feb/2016:18:58:35 +0800] "GET /Oauth/authorize?response_type=code&client_id=lijie&redirect_uri=http://localhost:8030/Index/code&state=xyz&scope= HTTP/1.1" 200 487
::1 - - [18/Feb/2016:18:58:37 +0800] "POST /Oauth/authorize?response_type=code&client_id=lijie&redirect_uri=http://localhost:8030/Index/code&state=xyz&scope= HTTP/1.1" 302 2
::1 - - [18/Feb/2016:18:58:40 +0800] "POST /Oauth/token HTTP/1.1" 200 177
::1 - - [18/Feb/2016:18:58:41 +0800] "GET /Oauth/resource?access_token=4bcdbfd43dd5676bfa962b8f86b2f565f7beb615 HTTP/1.1" 200 97
::1 - - [18/Feb/2016:18:59:01 +0800] "POST /Oauth/token HTTP/1.1" 400 109
::1 - - [18/Feb/2016:18:59:03 +0800] "GET /Oauth/resource?access_token= HTTP/1.1" 401 2
::1 - - [18/Feb/2016:18:59:05 +0800] "GET /Oauth/authorize?response_type=code&client_id=lijie&redirect_uri=http://localhost:8030/Index/code&state=xyz&scope= HTTP/1.1" 200 487
::1 - - [18/Feb/2016:18:59:08 +0800] "POST /Oauth/authorize?response_type=code&client_id=lijie&redirect_uri=http://localhost:8030/Index/code&state=xyz&scope= HTTP/1.1" 302 2
::1 - - [18/Feb/2016:18:59:10 +0800] "POST /Oauth/token HTTP/1.1" 200 177
::1 - - [18/Feb/2016:18:59:11 +0800] "GET /Oauth/resource?access_token=842d4b69f33e8f860365b89f8b9439cbfcaa2a7f HTTP/1.1" 200 97
::1 - - [18/Feb/2016:19:01:13 +0800] "GET /Oauth/authorize?response_type=code&client_id=lijie&redirect_uri=http://localhost:8030/Index/code&state=xyz&scope= HTTP/1.1" 200 487
::1 - - [18/Feb/2016:19:01:16 +0800] "POST /Oauth/authorize?response_type=code&client_id=lijie&redirect_uri=http://localhost:8030/Index/code&state=xyz&scope= HTTP/1.1" 302 2
::1 - - [18/Feb/2016:19:01:18 +0800] "POST /Oauth/token HTTP/1.1" 200 177
::1 - - [18/Feb/2016:19:01:20 +0800] "GET /Oauth/resource?access_token=49134740978260154e00fece1f151cc4dfa3a364 HTTP/1.1" 200 97
::1 - - [18/Feb/2016:19:01:44 +0800] "GET /Oauth/authorize?response_type=code&client_id=lijie&redirect_uri=http://localhost:8030/Index/code&state=xyz&scope= HTTP/1.1" 200 487
::1 - - [18/Feb/2016:19:01:48 +0800] "POST /Oauth/authorize?response_type=code&client_id=lijie&redirect_uri=http://localhost:8030/Index/code&state=xyz&scope= HTTP/1.1" 302 2
::1 - - [18/Feb/2016:19:01:50 +0800] "POST /Oauth/token HTTP/1.1" 200 177
::1 - - [18/Feb/2016:19:01:51 +0800] "GET /Oauth/resource?access_token=b249d8ceda50a052f0b062b1fb73608882084f30 HTTP/1.1" 200 97
::1 - - [18/Feb/2016:19:02:56 +0800] "GET /Oauth/authorize?response_type=code&client_id=lijie&redirect_uri=http://localhost:8030/Index/code&state=xyz&scope= HTTP/1.1" 200 487
::1 - - [18/Feb/2016:19:02:58 +0800] "POST /Oauth/authorize?response_type=code&client_id=lijie&redirect_uri=http://localhost:8030/Index/code&state=xyz&scope= HTTP/1.1" 302 2
::1 - - [18/Feb/2016:19:03:00 +0800] "POST /Oauth/token HTTP/1.1" 200 177
::1 - - [18/Feb/2016:19:03:02 +0800] "GET /Oauth/resource?access_token=d1b1fbf0eed7b4bc4f6d0fb52cc2d5d0f30825b7 HTTP/1.1" 200 97
::1 - - [18/Feb/2016:19:03:27 +0800] "GET /Oauth/authorize?response_type=code&client_id=lijie&redirect_uri=http://localhost:8030/Index/code&state=xyz&scope= HTTP/1.1" 200 487
::1 - - [18/Feb/2016:19:03:30 +0800] "POST /Oauth/authorize?response_type=code&client_id=lijie&redirect_uri=http://localhost:8030/Index/code&state=xyz&scope= HTTP/1.1" 302 2
::1 - - [18/Feb/2016:19:03:33 +0800] "POST /Oauth/token HTTP/1.1" 200 177
::1 - - [18/Feb/2016:19:03:34 +0800] "GET /Oauth/resource?access_token=c4b4fc61dc63c57a6e048037a2e62b7df6936e00 HTTP/1.1" 200 97
::1 - - [18/Feb/2016:19:05:22 +0800] "GET /Oauth/authorize?response_type=code&client_id=lijie&redirect_uri=http://localhost:8030/Index/code&state=xyz&scope= HTTP/1.1" 200 487
::1 - - [18/Feb/2016:19:05:25 +0800] "POST /Oauth/authorize?response_type=code&client_id=lijie&redirect_uri=http://localhost:8030/Index/code&state=xyz&scope= HTTP/1.1" 302 2
::1 - - [18/Feb/2016:19:05:27 +0800] "POST /Oauth/token HTTP/1.1" 200 177
::1 - - [18/Feb/2016:19:05:29 +0800] "GET /Oauth/resource?access_token=50add8bbee590e703478af91ede17d84145f5a70 HTTP/1.1" 200 97
::1 - - [18/Feb/2016:19:05:46 +0800] "GET /Oauth/authorize?response_type=code&client_id=lijie&redirect_uri=http://localhost:8030/Index/code&state=xyz&scope= HTTP/1.1" 200 487
::1 - - [18/Feb/2016:19:05:48 +0800] "POST /Oauth/authorize?response_type=code&client_id=lijie&redirect_uri=http://localhost:8030/Index/code&state=xyz&scope= HTTP/1.1" 302 2
::1 - - [18/Feb/2016:19:05:51 +0800] "POST /Oauth/token HTTP/1.1" 200 177
::1 - - [18/Feb/2016:19:05:52 +0800] "GET /Oauth/resource?access_token=b6960f68f490006f1acb6cffa7f7c8aef02a8978 HTTP/1.1" 200 97
::1 - - [18/Feb/2016:19:07:02 +0800] "GET /Oauth/authorize?response_type=code&client_id=lijie&redirect_uri=http://localhost:8030/Index/code&state=xyz&scope= HTTP/1.1" 200 487
::1 - - [18/Feb/2016:19:07:05 +0800] "POST /Oauth/authorize?response_type=code&client_id=lijie&redirect_uri=http://localhost:8030/Index/code&state=xyz&scope= HTTP/1.1" 302 2
::1 - - [18/Feb/2016:19:07:07 +0800] "POST /Oauth/token HTTP/1.1" 200 177
::1 - - [18/Feb/2016:19:07:09 +0800] "GET /Oauth/resource?access_token=e642d4db998fe07051175c8ebcd0b418c079478b HTTP/1.1" 200 97
::1 - - [18/Feb/2016:19:07:27 +0800] "GET /Oauth/authorize?response_type=code&client_id=lijie&redirect_uri=http://localhost:8030/Index/code&state=xyz&scope= HTTP/1.1" 200 487
::1 - - [18/Feb/2016:19:07:30 +0800] "POST /Oauth/authorize?response_type=code&client_id=lijie&redirect_uri=http://localhost:8030/Index/code&state=xyz&scope= HTTP/1.1" 302 2
::1 - - [18/Feb/2016:19:07:32 +0800] "POST /Oauth/token HTTP/1.1" 200 177
::1 - - [18/Feb/2016:19:07:33 +0800] "GET /Oauth/resource?access_token=a364330f9fbff3cb4542cf947fd156abdfd83a9b HTTP/1.1" 200 97
::1 - - [18/Feb/2016:19:08:38 +0800] "GET /Oauth/authorize?response_type=code&client_id=lijie&redirect_uri=http://localhost:8030/Index/code&state=xyz&scope= HTTP/1.1" 200 487
::1 - - [18/Feb/2016:19:08:41 +0800] "POST /Oauth/authorize?response_type=code&client_id=lijie&redirect_uri=http://localhost:8030/Index/code&state=xyz&scope= HTTP/1.1" 302 2
::1 - - [18/Feb/2016:19:08:44 +0800] "POST /Oauth/token HTTP/1.1" 200 177
::1 - - [18/Feb/2016:19:08:45 +0800] "GET /Oauth/resource?access_token=63475ac5514eb0abb83a37cd3261e4e2cd779e4b HTTP/1.1" 200 97
::1 - - [18/Feb/2016:19:09:32 +0800] "GET /Oauth/authorize?response_type=code&client_id=lijie&redirect_uri=http://localhost:8030/Index/code&state=xyz&scope= HTTP/1.1" 200 487
::1 - - [18/Feb/2016:19:10:58 +0800] "GET /Oauth/authorize?response_type=code&client_id=lijie&redirect_uri=http://localhost:8030/Index/code&state=xyz&scope= HTTP/1.1" 200 511
::1 - - [18/Feb/2016:19:11:08 +0800] "POST /Oauth/authorize?response_type=code&client_id=lijie&redirect_uri=http://localhost:8030/Index/code&state=xyz&scope= HTTP/1.1" 302 2
::1 - - [18/Feb/2016:19:11:10 +0800] "POST /Oauth/token HTTP/1.1" 200 177
::1 - - [18/Feb/2016:19:11:12 +0800] "GET /Oauth/resource?access_token=f7a3fa9b4ae9150503638b7d8111a2ae8af3a5a1 HTTP/1.1" 200 97
::1 - - [18/Feb/2016:19:44:27 +0800] "GET /Oauth/authorize?response_type=code&client_id=lijie&redirect_uri=http://localhost:8030/Index/code&state=xyz&scope= HTTP/1.1" 200 511
::1 - - [18/Feb/2016:19:44:30 +0800] "POST /Oauth/authorize?response_type=code&client_id=lijie&redirect_uri=http://localhost:8030/Index/code&state=xyz&scope= HTTP/1.1" 302 2
::1 - - [18/Feb/2016:19:44:32 +0800] "POST /Oauth/token HTTP/1.1" 200 177
::1 - - [18/Feb/2016:19:44:34 +0800] "GET /Oauth/resource?access_token=64517fa4cd664aa4a80c050af791dd0da2b91654 HTTP/1.1" 200 97
::1 - - [18/Feb/2016:19:44:50 +0800] "GET /Oauth/authorize?response_type=code&client_id=lijie&redirect_uri=http://localhost:8030/Index/code&state=xyz&scope= HTTP/1.1" 200 511
::1 - - [18/Feb/2016:19:44:52 +0800] "POST /Oauth/authorize?response_type=code&client_id=lijie&redirect_uri=http://localhost:8030/Index/code&state=xyz&scope= HTTP/1.1" 302 2
::1 - - [18/Feb/2016:19:44:55 +0800] "POST /Oauth/token HTTP/1.1" 200 177
::1 - - [18/Feb/2016:19:44:56 +0800] "GET /Oauth/resource?access_token=0cc62bddbb17080a98d37a10ec7d6c8cfdea6383 HTTP/1.1" 200 97
::1 - - [18/Feb/2016:19:48:00 +0800] "GET /Oauth/authorize?response_type=code&client_id=lijie&redirect_uri=http://localhost:8030/Index/code&state=xyz&scope= HTTP/1.1" 200 511
::1 - - [18/Feb/2016:19:48:02 +0800] "POST /Oauth/authorize?response_type=code&client_id=lijie&redirect_uri=http://localhost:8030/Index/code&state=xyz&scope= HTTP/1.1" 302 2
::1 - - [18/Feb/2016:19:48:05 +0800] "POST /Oauth/token HTTP/1.1" 200 177
::1 - - [18/Feb/2016:19:48:06 +0800] "GET /Oauth/resource?access_token=aa0ca3dc6d817a185f3c47996e44b837be3ec0ce HTTP/1.1" 200 97
::1 - - [18/Feb/2016:19:49:47 +0800] "GET /Oauth/authorize?response_type=code&client_id=lijie&redirect_uri=http://localhost:8030/Index/code&state=xyz&scope= HTTP/1.1" 200 511
::1 - - [18/Feb/2016:19:49:50 +0800] "POST /Oauth/authorize?response_type=code&client_id=lijie&redirect_uri=http://localhost:8030/Index/code&state=xyz&scope= HTTP/1.1" 302 2
::1 - - [18/Feb/2016:19:49:52 +0800] "POST /Oauth/token HTTP/1.1" 200 177
::1 - - [18/Feb/2016:19:49:54 +0800] "GET /Oauth/resource?access_token=9d436612485852d031b8e4b09bf96d207d394602 HTTP/1.1" 200 97
::1 - - [18/Feb/2016:19:50:05 +0800] "POST /Oauth/token HTTP/1.1" 400 109
::1 - - [18/Feb/2016:19:50:06 +0800] "GET /Oauth/resource?access_token= HTTP/1.1" 401 2
::1 - - [18/Feb/2016:19:53:05 +0800] "GET /Oauth/authorize?response_type=code&client_id=lijie&redirect_uri=http://localhost:8030/Index/code&state=xyz&scope= HTTP/1.1" 200 511
::1 - - [18/Feb/2016:19:53:09 +0800] "POST /Oauth/authorize?response_type=code&client_id=lijie&redirect_uri=http://localhost:8030/Index/code&state=xyz&scope= HTTP/1.1" 302 2
::1 - - [18/Feb/2016:19:53:11 +0800] "POST /Oauth/token HTTP/1.1" 200 177
::1 - - [18/Feb/2016:19:53:13 +0800] "GET /Oauth/resource?access_token=fcf04fb5bde637a60a722b6f1bb4289f8705d917 HTTP/1.1" 200 97
::1 - - [19/Feb/2016:09:13:25 +0800] "GET / HTTP/1.1" 200 1528
::1 - - [19/Feb/2016:09:13:26 +0800] "GET /favicon.ico HTTP/1.1" 404 -
::1 - - [19/Feb/2016:09:13:35 +0800] "GET /Oauth/authorize?response_type=code&client_id=lijie&redirect_uri=http://localhost:8030/Index/code&state=xyz&scope= HTTP/1.1" 200 511
::1 - - [19/Feb/2016:09:13:44 +0800] "POST /Oauth/authorize?response_type=code&client_id=lijie&redirect_uri=http://localhost:8030/Index/code&state=xyz&scope= HTTP/1.1" 302 2
::1 - - [19/Feb/2016:09:13:46 +0800] "POST /Oauth/token HTTP/1.1" 200 177
::1 - - [19/Feb/2016:09:13:48 +0800] "GET /Oauth/resource?access_token=282aac32fe010ddaf21c1dde17f41827add51cf5 HTTP/1.1" 200 97
::1 - - [19/Feb/2016:09:22:02 +0800] "GET /Oauth/authorize?response_type=code&client_id=lijie&redirect_uri=http://localhost:8030/Index/code&state=xyz&scope= HTTP/1.1" 200 511
::1 - - [19/Feb/2016:09:22:03 +0800] "GET /favicon.ico HTTP/1.1" 404 -
::1 - - [19/Feb/2016:09:22:07 +0800] "POST /Oauth/authorize?response_type=code&client_id=lijie&redirect_uri=http://localhost:8030/Index/code&state=xyz&scope= HTTP/1.1" 302 2
::1 - - [19/Feb/2016:09:22:10 +0800] "POST /Oauth/token HTTP/1.1" 200 177
::1 - - [19/Feb/2016:09:22:11 +0800] "GET /Oauth/resource?access_token=b22458a79c32745ffeeeb75717e24e2bc7839726 HTTP/1.1" 200 97
::1 - - [19/Feb/2016:10:28:36 +0800] "GET /Oauth/authorize?response_type=code&client_id=lijie&redirect_uri=http://localhost:8030/Index/code&state=xyz&scope= HTTP/1.1" 200 511
::1 - - [19/Feb/2016:10:28:45 +0800] "POST /Oauth/authorize?response_type=code&client_id=lijie&redirect_uri=http://localhost:8030/Index/code&state=xyz&scope= HTTP/1.1" 302 2
::1 - - [19/Feb/2016:10:28:47 +0800] "POST /Oauth/token HTTP/1.1" 400 94
::1 - - [19/Feb/2016:10:28:49 +0800] "GET /Oauth/resource?access_token= HTTP/1.1" 401 2
::1 - - [19/Feb/2016:10:30:36 +0800] "GET /Oauth/authorize?response_type=code&client_id=lijie&redirect_uri=http://localhost:8030/Index/code&state=xyz&scope= HTTP/1.1" 200 511
::1 - - [19/Feb/2016:10:30:42 +0800] "POST /Oauth/authorize?response_type=code&client_id=lijie&redirect_uri=http://localhost:8030/Index/code&state=xyz&scope= HTTP/1.1" 302 2
::1 - - [19/Feb/2016:10:30:44 +0800] "POST /Oauth/token HTTP/1.1" 200 178
::1 - - [19/Feb/2016:10:30:46 +0800] "GET /Oauth/resource?access_token=b298f4a0c060b3e62ba7c860b634745dcf4d992a HTTP/1.1" 200 97
::1 - - [19/Feb/2016:10:33:23 +0800] "GET /Oauth/authorize?response_type=code&client_id=lijie&redirect_uri=http://localhost:8030/Index/code&state=xyz&scope= HTTP/1.1" 200 511
::1 - - [19/Feb/2016:10:33:28 +0800] "GET /Oauth/authorize?response_type=code&client_id=lijie&redirect_uri=http://localhost:8030/Index/code&state=xyz&scope= HTTP/1.1" 200 511
::1 - - [19/Feb/2016:10:33:34 +0800] "POST /Oauth/authorize?response_type=code&client_id=lijie&redirect_uri=http://localhost:8030/Index/code&state=xyz&scope= HTTP/1.1" 302 2
::1 - - [19/Feb/2016:10:33:36 +0800] "POST /Oauth/token HTTP/1.1" 200 177
::1 - - [19/Feb/2016:10:33:37 +0800] "GET /Oauth/resource?access_token=f76a720f69878fa88210b6d64fd26ecb0790fe85 HTTP/1.1" 200 97
::1 - - [19/Feb/2016:11:47:50 +0800] "GET /Oauth/authorize?response_type=code&client_id=lijie&redirect_uri=http://localhost:8030/Index/code&state=xyz&scope= HTTP/1.1" 200 511
::1 - - [19/Feb/2016:11:47:55 +0800] "GET /Oauth/authorize?response_type=code&client_id=lijie&redirect_uri=http://localhost:8030/Index/code&state=xyz&scope= HTTP/1.1" 200 511
::1 - - [19/Feb/2016:11:48:23 +0800] "GET /Oauth/authorize?response_type=token&client_id=lijie&redirect_uri=http://localhost:8030/Index/code&state=xyz&scope= HTTP/1.1" 302 117
::1 - - [19/Feb/2016:11:48:24 +0800] "POST /Oauth/token HTTP/1.1" 400 89
::1 - - [19/Feb/2016:11:48:25 +0800] "GET /Oauth/resource?access_token= HTTP/1.1" 401 2
::1 - - [19/Feb/2016:11:49:00 +0800] "GET /Oauth/authorize?response_type=token&client_id=lijie&redirect_uri=http://localhost:8030/Index/code&state=xyz&scope= HTTP/1.1" 302 117
::1 - - [19/Feb/2016:11:51:54 +0800] "GET /Oauth/authorize?response_type=token&client_id=lijie&redirect_uri=http://localhost:8030/Index/code&state=xyz&scope= HTTP/1.1" 302 117
::1 - - [19/Feb/2016:11:53:40 +0800] "GET /Oauth/authorize?response_type=token&client_id=lijie&redirect_uri=http://localhost:8030/Index/code&state=xyz&scope= HTTP/1.1" 200 511
::1 - - [19/Feb/2016:11:53:47 +0800] "POST /Oauth/authorize?response_type=token&client_id=lijie&redirect_uri=http://localhost:8030/Index/code&state=xyz&scope= HTTP/1.1" 302 2
::1 - - [19/Feb/2016:11:54:40 +0800] "GET /Oauth/resource?access_token=715a56036ddc2026d2971234bd1125064ce6dfff HTTP/1.1" 401 125
::1 - - [19/Feb/2016:11:56:24 +0800] "GET /Oauth/resource?access_token=715a56036ddc2026d2971234bd1125064ce6dfff HTTP/1.1" 401 85
::1 - - [19/Feb/2016:11:56:32 +0800] "GET /Oauth/resource?access_token=715a56036ddc2026d2971234bd1125064ce6dfff HTTP/1.1" 200 97
::1 - - [19/Feb/2016:11:57:42 +0800] "GET /Oauth/authorize?response_type=token&client_id=lijie&redirect_uri=http://localhost:8030/Index/code&state=xyz&scope= HTTP/1.1" 200 511
::1 - - [19/Feb/2016:11:57:48 +0800] "GET /Oauth/authorize?response_type=token&client_id=lijie&redirect_uri=http://localhost:8030/Index/code&state=xyz&scope= HTTP/1.1" 200 511
::1 - - [19/Feb/2016:11:58:02 +0800] "POST /Oauth/authorize?response_type=token&client_id=lijie&redirect_uri=http://localhost:8030/Index/code&state=xyz&scope= HTTP/1.1" 302 2
::1 - - [19/Feb/2016:11:58:38 +0800] "GET /Oauth/authorize?response_type=token&client_id=lijie&redirect_uri=http://localhost:8030/Index/code&state=xyz&scope= HTTP/1.1" 200 511
::1 - - [19/Feb/2016:11:58:42 +0800] "GET /Oauth/authorize?response_type=token&client_id=lijie&redirect_uri=http://localhost:8030/Index/code&state=xyz&scope=userinfo HTTP/1.1" 200 511
::1 - - [19/Feb/2016:11:58:49 +0800] "POST /Oauth/authorize?response_type=token&client_id=lijie&redirect_uri=http://localhost:8030/Index/code&state=xyz&scope=userinfo HTTP/1.1" 302 2
::1 - - [19/Feb/2016:11:59:27 +0800] "GET /Oauth/authorize?response_type=token&client_id=lijie&redirect_uri=http://localhost:8030/Index/code&state=xyz&scope=userinfo HTTP/1.1" 200 511
::1 - - [19/Feb/2016:11:59:32 +0800] "GET /Oauth/authorize?response_type=code&client_id=lijie&redirect_uri=http://localhost:8030/Index/code&state=xyz&scope=userinfo HTTP/1.1" 200 511
::1 - - [19/Feb/2016:11:59:38 +0800] "POST /Oauth/authorize?response_type=code&client_id=lijie&redirect_uri=http://localhost:8030/Index/code&state=xyz&scope=userinfo HTTP/1.1" 302 2
::1 - - [19/Feb/2016:11:59:40 +0800] "POST /Oauth/token HTTP/1.1" 200 177
::1 - - [19/Feb/2016:11:59:42 +0800] "GET /Oauth/resource?access_token=9d0002a1eedf8cc307310abf7145b93269da7db2 HTTP/1.1" 200 97
::1 - - [19/Feb/2016:12:04:08 +0800] "GET /Oauth/authorize?response_type=code&client_id=lijie&redirect_uri=http://localhost:8030/Index/code&state=xyz&scope=userinfo HTTP/1.1" 200 511
::1 - - [19/Feb/2016:12:04:12 +0800] "GET /Oauth/authorize?response_type=code&client_id=lijie&redirect_uri=http://localhost:8030/Index/code&state=xyz&scope=userinfo HTTP/1.1" 200 511
::1 - - [19/Feb/2016:12:04:17 +0800] "POST /Oauth/authorize?response_type=code&client_id=lijie&redirect_uri=http://localhost:8030/Index/code&state=xyz&scope=userinfo HTTP/1.1" 302 2
::1 - - [19/Feb/2016:12:04:19 +0800] "POST /Oauth/token HTTP/1.1" 200 177
::1 - - [19/Feb/2016:12:04:21 +0800] "GET /Oauth/resource?access_token=5b5a040d8748953f43532c732e7490ae01238d60 HTTP/1.1" 200 97
::1 - - [19/Feb/2016:14:36:12 +0800] "GET /Oauth/authorize?response_type=token&client_id=lijie&redirect_uri=http://localhost:8030/Index/code&state=xyz&scope=userinfo HTTP/1.1" 200 511
::1 - - [19/Feb/2016:14:36:18 +0800] "POST /Oauth/authorize?response_type=token&client_id=lijie&redirect_uri=http://localhost:8030/Index/code&state=xyz&scope=userinfo HTTP/1.1" 302 2
::1 - - [19/Feb/2016:14:36:46 +0800] "GET /Oauth/resource?access_token=15ce7aca2be0d3098f9e24d4bab32c072a34ed17 HTTP/1.1" 200 97
::1 - - [19/Feb/2016:14:37:02 +0800] "GET /Oauth/resource?access_token=15ce7aca2be0d3098f9e24d4bab32c072a34ed17 HTTP/1.1" 200 97
::1 - - [19/Feb/2016:14:37:31 +0800] "GET /Oauth/resource?access_token=15ce7aca2be0d3098f9e24d4bab32c072a34ed1 HTTP/1.1" 401 84
::1 - - [19/Feb/2016:14:44:08 +0800] "GET /Oauth/authorize?response_type=token&client_id=lijie&redirect_uri=http://localhost:8030/Index/code&state=xyz&scope=userinfo HTTP/1.1" 200 511
::1 - - [19/Feb/2016:14:44:12 +0800] "GET /Oauth/authorize?response_type=code&client_id=lijie&redirect_uri=http://localhost:8030/Index/code&state=xyz&scope=userinfo HTTP/1.1" 200 511
::1 - - [19/Feb/2016:14:44:18 +0800] "POST /Oauth/authorize?response_type=code&client_id=lijie&redirect_uri=http://localhost:8030/Index/code&state=xyz&scope=userinfo HTTP/1.1" 302 2
::1 - - [19/Feb/2016:14:44:20 +0800] "POST /Oauth/token HTTP/1.1" 200 177
::1 - - [19/Feb/2016:14:44:22 +0800] "GET /Oauth/resource?access_token=32b4d491e0f4a4c64463c8caac33c0c24be807ff HTTP/1.1" 200 97
::1 - - [19/Feb/2016:14:49:58 +0800] "GET /Oauth/authorize?response_type=code&client_id=lijie&redirect_uri=http://localhost:8030/Index/code&state=xyz&scope=userinfo HTTP/1.1" 200 511
::1 - - [19/Feb/2016:14:50:03 +0800] "GET /Oauth/authorize?response_type=code&client_id=lijie&redirect_uri=http://localhost:8030/Index/code&state=xyz&scope=userinfo HTTP/1.1" 200 511
::1 - - [19/Feb/2016:14:50:09 +0800] "POST /Oauth/authorize?response_type=code&client_id=lijie&redirect_uri=http://localhost:8030/Index/code&state=xyz&scope=userinfo HTTP/1.1" 302 2
::1 - - [19/Feb/2016:14:50:11 +0800] "POST /Oauth/token HTTP/1.1" 200 177
::1 - - [19/Feb/2016:14:50:12 +0800] "GET /Oauth/resource?access_token=42afe5c2e6e2a4da3fc17d28e02fb20c36475eb0 HTTP/1.1" 200 97
::1 - - [19/Feb/2016:14:51:22 +0800] "GET /Oauth/resource?access_token=42afe5c2e6e2a4da3fc17d28e02fb20c36475eb0 HTTP/1.1" 401 85
::1 - - [19/Feb/2016:14:53:17 +0800] "GET /Oauth/refresh_token?refresh_token=4122d8528b6f927216599861ba575d353ba84319&client_id=lijie&client_secret=123456&grant_type=refresh_token&scope=userinfo HTTP/1.1" 405 178
::1 - - [19/Feb/2016:14:56:21 +0800] "GET /Oauth/resource?access_token=42afe5c2e6e2a4da3fc17d28e02fb20c36475eb0 HTTP/1.1" 401 85
::1 - - [19/Feb/2016:14:56:29 +0800] "GET /Oauth/authorize?response_type=code&client_id=lijie&redirect_uri=http://localhost:8030/Index/code&state=xyz&scope=userinfo HTTP/1.1" 200 511
::1 - - [19/Feb/2016:14:58:28 +0800] "OPTIONS /Oauth/refresh_token HTTP/1.1" 405 178
::1 - - [19/Feb/2016:15:01:35 +0800] "POST /Oauth/token HTTP/1.1" 400 99
::1 - - [19/Feb/2016:15:03:04 +0800] "POST /Oauth/token HTTP/1.1" 400 99
::1 - - [19/Feb/2016:15:03:58 +0800] "POST /Oauth/token HTTP/1.1" 400 196
::1 - - [19/Feb/2016:15:05:52 +0800] "GET /Oauth/refresh_token?refresh_token=4122d8528b6f927216599861ba575d353ba84319&client_id=lijie&client_secret=123456&grant_type=refresh_token&scope=userinfo HTTP/1.1" 400 194
::1 - - [19/Feb/2016:15:06:22 +0800] "GET /Oauth/refresh_token?refresh_token=4122d8528b6f927216599861ba575d353ba84319&client_id=lijie&client_secret=123456&grant_type=refresh_token&scope=userinfo HTTP/1.1" 400 9837
::1 - - [19/Feb/2016:15:07:00 +0800] "GET /Oauth/refresh_token?refresh_token=4122d8528b6f927216599861ba575d353ba84319&client_id=lijie&client_secret=123456&grant_type=refresh_token&scope=userinfo HTTP/1.1" 400 273
::1 - - [19/Feb/2016:15:07:27 +0800] "GET /Oauth/refresh_token?refresh_token=4122d8528b6f927216599861ba575d353ba84319&client_id=lijie&client_secret=123456&grant_type=refresh_token&scope=userinfo HTTP/1.1" 400 9837
::1 - - [19/Feb/2016:15:08:05 +0800] "GET /Oauth/refresh_token?refresh_token=4122d8528b6f927216599861ba575d353ba84319&client_id=lijie&client_secret=123456&grant_type=refresh_token&scope=userinfo HTTP/1.1" 400 9845
::1 - - [19/Feb/2016:15:08:49 +0800] "GET /Oauth/refresh_token?refresh_token=4122d8528b6f927216599861ba575d353ba84319&client_id=lijie&client_secret=123456&grant_type=refresh_token&scope=userinfo HTTP/1.1" 400 194
::1 - - [19/Feb/2016:15:09:11 +0800] "GET /Oauth/refresh_token?refresh_token=4122d8528b6f927216599861ba575d353ba84319&client_id=lijie&client_secret=123456&grant_type=refresh_token&scope=userinfo HTTP/1.1" 405 275
::1 - - [19/Feb/2016:15:11:46 +0800] "GET /Oauth/resource?access_token=931f2a5321dbd95fdfddeac050a06dc7e251a5c3 HTTP/1.1" 401 84
::1 - - [19/Feb/2016:15:11:51 +0800] "GET /Oauth/authorize?response_type=code&client_id=lijie&redirect_uri=http://localhost:8030/Index/code&state=xyz&scope=userinfo HTTP/1.1" 200 1123
::1 - - [19/Feb/2016:15:11:57 +0800] "POST /Oauth/refresh_token HTTP/1.1" 400 98
::1 - - [19/Feb/2016:15:12:18 +0800] "POST /Oauth/refresh_token HTTP/1.1" 400 69
::1 - - [19/Feb/2016:15:12:33 +0800] "POST /Oauth/refresh_token HTTP/1.1" 200 177
::1 - - [19/Feb/2016:15:13:45 +0800] "GET /Oauth/resource?access_token=3aa8227ab1cdf55bea145b8b2876de900ac9846d HTTP/1.1" 200 97
::1 - - [19/Feb/2016:15:13:58 +0800] "GET /Oauth/resource?access_token=3aa8227ab1cdf55bea145b8b2876de900ac9846d HTTP/1.1" 401 85
::1 - - [19/Feb/2016:15:14:21 +0800] "GET / HTTP/1.1" 200 1528
::1 - - [19/Feb/2016:15:14:29 +0800] "POST /Oauth/token HTTP/1.1" 400 99
::1 - - [19/Feb/2016:15:15:21 +0800] "GET /Oauth/authorize?response_type=code&client_id=lijie&redirect_uri=http://localhost:8030/Index/code&state=xyz&scope=userinfo HTTP/1.1" 200 1123
::1 - - [19/Feb/2016:15:15:35 +0800] "POST /Oauth/refresh_token HTTP/1.1" 200 177
::1 - - [19/Feb/2016:15:16:35 +0800] "POST /Oauth/refresh_token HTTP/1.1" 200 177
::1 - - [19/Feb/2016:15:17:49 +0800] "POST /Oauth/refresh_token HTTP/1.1" 200 177
::1 - - [19/Feb/2016:15:19:29 +0800] "POST /Oauth/refresh_token HTTP/1.1" 400 95
::1 - - [19/Feb/2016:15:20:38 +0800] "GET /Oauth/authorize?response_type=code&client_id=lijie&redirect_uri=http://localhost:8030/Index/code&state=xyz&scope=userinfo%20userinfo2 HTTP/1.1" 200 1123
::1 - - [19/Feb/2016:15:20:44 +0800] "POST /Oauth/authorize?response_type=code&client_id=lijie&redirect_uri=http://localhost:8030/Index/code&state=xyz&scope=userinfo%20userinfo2 HTTP/1.1" 302 2
::1 - - [19/Feb/2016:15:20:47 +0800] "POST /Oauth/token HTTP/1.1" 200 177
::1 - - [19/Feb/2016:15:20:48 +0800] "GET /Oauth/resource?access_token=ee7c3a6573f6123482bc062a17d7ba417ca1f9bc HTTP/1.1" 200 97
::1 - - [19/Feb/2016:15:22:17 +0800] "GET /Oauth/authorize?response_type=code&client_id=lijie&redirect_uri=http://localhost:8030/Index/code&state=xyz&scope=userinfo%20userinfo2 HTTP/1.1" 200 1123
::1 - - [19/Feb/2016:15:22:23 +0800] "POST /Oauth/refresh_token HTTP/1.1" 400 95
::1 - - [19/Feb/2016:15:24:29 +0800] "POST /Oauth/refresh_token HTTP/1.1" 200 177
::1 - - [19/Feb/2016:15:33:46 +0800] "POST /Oauth/client_credentials HTTP/1.1" 200 118
::1 - - [19/Feb/2016:15:37:04 +0800] "GET / HTTP/1.1" 200 1528
::1 - - [19/Feb/2016:15:38:32 +0800] "POST /Oauth/client_credentials HTTP/1.1" 200 118
::1 - - [19/Feb/2016:15:38:34 +0800] "GET /Oauth/resource?access_token=309446b510405ef440502a28c2930f54e2fca981 HTTP/1.1" 200 97
::1 - - [19/Feb/2016:15:39:00 +0800] "POST /Oauth/client_credentials HTTP/1.1" 200 118
::1 - - [19/Feb/2016:15:39:01 +0800] "GET /Oauth/resource?access_token=ac8c930b7ba70ced511c185f29fcc87988c0e389 HTTP/1.1" 200 97
::1 - - [19/Feb/2016:15:41:11 +0800] "GET /Oauth/authorize?response_type=code&client_id=lijie&redirect_uri=http://localhost:8030/Index/code&state=xyz&scope=userinfo HTTP/1.1" 200 511
::1 - - [19/Feb/2016:15:41:17 +0800] "POST /Oauth/authorize?response_type=code&client_id=lijie&redirect_uri=http://localhost:8030/Index/code&state=xyz&scope=userinfo HTTP/1.1" 302 2
::1 - - [19/Feb/2016:15:41:19 +0800] "POST /Oauth/token HTTP/1.1" 200 177
::1 - - [19/Feb/2016:15:41:20 +0800] "GET /Oauth/resource?access_token=be0575fa5d37e85c6ff2a47bca630c12544bebc9 HTTP/1.1" 200 97
::1 - - [19/Feb/2016:15:42:00 +0800] "GET /Oauth/authorize?response_type=code&client_id=lijie&redirect_uri=http://localhost:8030/Index/code&state=xyz&scope=userinfo HTTP/1.1" 200 511
::1 - - [19/Feb/2016:15:42:04 +0800] "GET /Oauth/authorize?response_type=code&client_id=lijie&redirect_uri=http://localhost:8030/Index/code&state=xyz&scope=userinfo HTTP/1.1" 200 511
::1 - - [19/Feb/2016:15:42:09 +0800] "POST /Oauth/authorize?response_type=code&client_id=lijie&redirect_uri=http://localhost:8030/Index/code&state=xyz&scope=userinfo HTTP/1.1" 302 2
::1 - - [19/Feb/2016:15:42:11 +0800] "POST /Oauth/token HTTP/1.1" 200 177
::1 - - [19/Feb/2016:15:42:13 +0800] "GET /Oauth/resource?access_token=cb5b1f5e98b151c504764fc3820b8e7716a0761e HTTP/1.1" 200 97
::1 - - [19/Feb/2016:15:42:48 +0800] "GET /Oauth/authorize?response_type=code&client_id=lijie&redirect_uri=http://localhost:8030/Index/code&state=xyz&scope=userinfo HTTP/1.1" 200 511
::1 - - [19/Feb/2016:15:42:51 +0800] "POST /Oauth/authorize?response_type=code&client_id=lijie&redirect_uri=http://localhost:8030/Index/code&state=xyz&scope=userinfo HTTP/1.1" 302 2
::1 - - [19/Feb/2016:15:42:53 +0800] "POST /Oauth/token HTTP/1.1" 200 177
::1 - - [19/Feb/2016:15:43:10 +0800] "GET /Oauth/authorize?response_type=code&client_id=lijie&redirect_uri=http://localhost:8030/Index/code&state=xyz&scope=userinfo HTTP/1.1" 200 511
::1 - - [19/Feb/2016:15:43:12 +0800] "POST /Oauth/authorize?response_type=code&client_id=lijie&redirect_uri=http://localhost:8030/Index/code&state=xyz&scope=userinfo HTTP/1.1" 302 2
::1 - - [19/Feb/2016:15:43:15 +0800] "POST /Oauth/token HTTP/1.1" 200 177
::1 - - [19/Feb/2016:15:43:16 +0800] "GET /Oauth/resource?access_token=3f8f87df907b7a39eb089d677f39625c90a9c641 HTTP/1.1" 200 97
::1 - - [19/Feb/2016:15:43:20 +0800] "GET /Oauth/resource?access_token=3f8f87df907b7a39eb089d677f39625c90a9c641 HTTP/1.1" 200 97
::1 - - [19/Feb/2016:15:43:23 +0800] "GET /Oauth/authorize?response_type=code&client_id=lijie&redirect_uri=http://localhost:8030/Index/code&state=xyz&scope=userinfo HTTP/1.1" 200 511
::1 - - [19/Feb/2016:15:43:26 +0800] "POST /Oauth/client_credentials HTTP/1.1" 200 118
::1 - - [19/Feb/2016:15:43:27 +0800] "GET /Oauth/resource?access_token=26a5a675f6bdfd185c7925bfbc6bca6c78508f18 HTTP/1.1" 200 97
127.0.0.1 - - [19/Feb/2016:16:06:25 +0800] "GET /Oauth/authorize?response_type=code&client_id=lijie&redirect_uri=http://client.tunnel.qydev.com/Index/code&state=xyz&scope=userinfo HTTP/1.1" 400 177
127.0.0.1 - - [19/Feb/2016:16:06:27 +0800] "GET /favicon.ico HTTP/1.1" 404 -
127.0.0.1 - - [19/Feb/2016:16:07:13 +0800] "GET /Oauth/authorize?response_type=code&client_id=lijie&redirect_uri=http://client.tunnel.qydev.com/Index/code&state=xyz&scope=userinfo HTTP/1.1" 200 511
127.0.0.1 - - [19/Feb/2016:16:07:19 +0800] "POST /Oauth/authorize?response_type=code&client_id=lijie&redirect_uri=http://client.tunnel.qydev.com/Index/code&state=xyz&scope=userinfo HTTP/1.1" 302 2
127.0.0.1 - - [19/Feb/2016:16:07:21 +0800] "POST /Oauth/token HTTP/1.1" 200 177
127.0.0.1 - - [19/Feb/2016:16:07:23 +0800] "GET /Oauth/resource?access_token=f51d2641c3586b9aa565afb0fb1c1044dd88cd9b HTTP/1.1" 200 97
127.0.0.1 - - [19/Feb/2016:16:07:38 +0800] "GET /Oauth/authorize?response_type=code&client_id=lijie&redirect_uri=http://client.tunnel.qydev.com/Index/code&state=xyz&scope=userinfo HTTP/1.1" 200 511
127.0.0.1 - - [19/Feb/2016:16:07:42 +0800] "POST /Oauth/client_credentials HTTP/1.1" 200 118
127.0.0.1 - - [19/Feb/2016:16:07:44 +0800] "GET /Oauth/resource?access_token=edd4a9b5ef43ac3c153b36c54567b2f2774cb078 HTTP/1.1" 200 97
